<testsuites id="" name="" tests="44" failures="0" skipped="0" errors="0" time="33.15350900000001">
  <testsuite name="registration.spec.ts" timestamp="2025-06-13T09:07:04.407Z" hostname="chromium" tests="44" failures="0" skipped="0" time="287.448" errors="0">
    <testcase name="Registration Feature - Data Driven Tests › Registration Test - REG-EP-01" classname="registration.spec.ts" time="10.831">
      <system-out>
        <![CDATA[
╔══════ Executing Test Case: REG-EP-01 ══════╗
║ Test Data: {
  "TestCaseID": "REG-EP-01",
  "FirstName": "Nguyen",
  "LastName": "Tran",
  "DOB": "5/20/1990",
  "Street": "123 Main St.",
  "City": "Hanoi",
  "State": "Hanoi",
  "Country": "Viet Nam",
  "PostalCode": "70000",
  "Phone": "123456789",
  "Email": "user@example.com",
  "Password": "Ab1@345678"
}
╚═══════════════════════════════════════════════════════╝
🧹 Clearing registration form...
✅ Form cleared
📝 Submitting registration form...
🌐 URL changed from http://localhost:4200/#/auth/register to http://localhost:4200/#/auth/register
Submission Result: {
  isSuccess: [33mfalse[39m,
  hasValidationErrors: [33mtrue[39m,
  hasServerError: [33mtrue[39m,
  validationErrors: {
    general: [
      [32m'The "" scheme is not supported; supported schemes for mailer "smtp" are: "smtp", "smtps".\r\n'[39m +
        [32m'Symfony\\Component\\Mailer\\Exception\\UnsupportedSchemeException\r\n'[39m +
        [32m'/var/www/vendor/symfony/mailer/Transport/Smtp/EsmtpTransportFactory.php\r\n'[39m +
        [32m'28\r\n'[39m +
        [32m'[object Object],[object Object],[object Object],[object Object],[object Object],[object Object],[object Object],[object Object],[object Object],[object Object],[object Object],[object Object],[object Object],[object Object],[object Object],[object Object],[object Object],[object Object],[object Object],[object Object],[object Object],[object Object],[object Object],[object Object],[object Object],[object Object],[object Object],[object Object],[object Object],[object Object],[object Object],[object Object],[object Object],[object Object],[object Object],[object Object],[object Object]'[39m
    ]
  },
  serverError: [32m'The "" scheme is not supported; supported schemes for mailer "smtp" are: "smtp", "smtps".\r\n'[39m +
    [32m'Symfony\\Component\\Mailer\\Exception\\UnsupportedSchemeException\r\n'[39m +
    [32m'/var/www/vendor/symfony/mailer/Transport/Smtp/EsmtpTransportFactory.php\r\n'[39m +
    [32m'28\r\n'[39m +
    [32m'[object Object],[object Object],[object Object],[object Object],[object Object],[object Object],[object Object],[object Object],[object Object],[object Object],[object Object],[object Object],[object Object],[object Object],[object Object],[object Object],[object Object],[object Object],[object Object],[object Object],[object Object],[object Object],[object Object],[object Object],[object Object],[object Object],[object Object],[object Object],[object Object],[object Object],[object Object],[object Object],[object Object],[object Object],[object Object],[object Object],[object Object] '[39m,
  currentUrl: [32m'http://localhost:4200/#/auth/register'[39m,
  redirected: [33mfalse[39m
}
⚠️ Registration failed with validation errors: {
  general: [
    [32m'The "" scheme is not supported; supported schemes for mailer "smtp" are: "smtp", "smtps".\r\n'[39m +
      [32m'Symfony\\Component\\Mailer\\Exception\\UnsupportedSchemeException\r\n'[39m +
      [32m'/var/www/vendor/symfony/mailer/Transport/Smtp/EsmtpTransportFactory.php\r\n'[39m +
      [32m'28\r\n'[39m +
      [32m'[object Object],[object Object],[object Object],[object Object],[object Object],[object Object],[object Object],[object Object],[object Object],[object Object],[object Object],[object Object],[object Object],[object Object],[object Object],[object Object],[object Object],[object Object],[object Object],[object Object],[object Object],[object Object],[object Object],[object Object],[object Object],[object Object],[object Object],[object Object],[object Object],[object Object],[object Object],[object Object],[object Object],[object Object],[object Object],[object Object],[object Object]'[39m
  ]
}
✅ Test REG-EP-01 completed in 4612ms
]]>
      </system-out>
    </testcase>
    <testcase name="Registration Feature - Data Driven Tests › Registration Test - REG-EP-02" classname="registration.spec.ts" time="11.05">
      <system-out>
        <![CDATA[
╔══════ Executing Test Case: REG-EP-02 ══════╗
║ Test Data: {
  "TestCaseID": "REG-EP-02",
  "FirstName": "John123",
  "LastName": "Tran",
  "DOB": "5/20/1990",
  "Street": "123 Main St.",
  "City": "Hanoi",
  "State": "Hanoi",
  "Country": "Viet Nam",
  "PostalCode": "70000",
  "Phone": "123456789",
  "Email": "user@example.com",
  "Password": "Ab1@345678"
}
╚═══════════════════════════════════════════════════════╝
🧹 Clearing registration form...
✅ Form cleared
📝 Submitting registration form...
🌐 URL changed from http://localhost:4200/#/auth/register to http://localhost:4200/#/auth/register
Submission Result: {
  isSuccess: [33mfalse[39m,
  hasValidationErrors: [33mtrue[39m,
  hasServerError: [33mtrue[39m,
  validationErrors: { firstName: [ [32m'Invalid character.'[39m ] },
  serverError: [32m'Invalid character.'[39m,
  currentUrl: [32m'http://localhost:4200/#/auth/register'[39m,
  redirected: [33mfalse[39m
}
⚠️ Registration failed with validation errors: { firstName: [ [32m'Invalid character.'[39m ] }
✅ Test REG-EP-02 completed in 4998ms
]]>
      </system-out>
    </testcase>
    <testcase name="Registration Feature - Data Driven Tests › Registration Test - REG-EP-03" classname="registration.spec.ts" time="10.878">
      <system-out>
        <![CDATA[
╔══════ Executing Test Case: REG-EP-03 ══════╗
║ Test Data: {
  "TestCaseID": "REG-EP-03",
  "FirstName": "",
  "LastName": "Tran",
  "DOB": "5/20/1990",
  "Street": "123 Main St.",
  "City": "Hanoi",
  "State": "Hanoi",
  "Country": "Viet Nam",
  "PostalCode": "70000",
  "Phone": "123456789",
  "Email": "user@example.com",
  "Password": "Ab1@345678"
}
╚═══════════════════════════════════════════════════════╝
🧹 Clearing registration form...
✅ Form cleared
📝 Submitting registration form...
🌐 URL changed from http://localhost:4200/#/auth/register to http://localhost:4200/#/auth/register
Submission Result: {
  isSuccess: [33mfalse[39m,
  hasValidationErrors: [33mtrue[39m,
  hasServerError: [33mtrue[39m,
  validationErrors: { firstName: [ [32m'First name is required.'[39m ] },
  serverError: [32m'First name is required.'[39m,
  currentUrl: [32m'http://localhost:4200/#/auth/register'[39m,
  redirected: [33mfalse[39m
}
⚠️ Registration failed with validation errors: { firstName: [ [32m'First name is required.'[39m ] }
✅ Test REG-EP-03 completed in 4661ms
]]>
      </system-out>
    </testcase>
    <testcase name="Registration Feature - Data Driven Tests › Registration Test - REG-EP-04" classname="registration.spec.ts" time="10.745">
      <system-out>
        <![CDATA[
╔══════ Executing Test Case: REG-EP-04 ══════╗
║ Test Data: {
  "TestCaseID": "REG-EP-04",
  "FirstName": "AAAAAAAAAAAAAAAAAAAAAAAAAAAAAAAAAAAAAAAAAAAAAAAAAAAAAAAAAAAAAAAAAAAAAAAAAAAAAAAAAAAAAAAAAAAAAAAAAAAAAAAAAAAAAAAAAAAAAAAAAAAAAAAAAAAAAAAAAAAAAAAAAAAAAAAAAAAAAAAAAAAAAAAAAAAAAAAAAAAAAAAAAAAAAAAAAAAAAAAAAAAAAAAAAAAAAAAAAAAAAAAAAAAAAAAAAAAAAAAAAAAAAAAAAAAAAAAA",
  "LastName": "Tran",
  "DOB": "5/20/1990",
  "Street": "123 Main St.",
  "City": "Hanoi",
  "State": "Hanoi",
  "Country": "Viet Nam",
  "PostalCode": "70000",
  "Phone": "123456789",
  "Email": "user@example.com",
  "Password": "Ab1@345678"
}
╚═══════════════════════════════════════════════════════╝
🧹 Clearing registration form...
✅ Form cleared
📝 Submitting registration form...
🌐 URL changed from http://localhost:4200/#/auth/register to http://localhost:4200/#/auth/register
Submission Result: {
  isSuccess: [33mfalse[39m,
  hasValidationErrors: [33mtrue[39m,
  hasServerError: [33mtrue[39m,
  validationErrors: {
    general: [ [32m'The first name field must not be greater than 40 characters.'[39m ]
  },
  serverError: [32m'The first name field must not be greater than 40 characters. '[39m,
  currentUrl: [32m'http://localhost:4200/#/auth/register'[39m,
  redirected: [33mfalse[39m
}
⚠️ Registration failed with validation errors: {
  general: [ [32m'The first name field must not be greater than 40 characters.'[39m ]
}
✅ Test REG-EP-04 completed in 4564ms
]]>
      </system-out>
    </testcase>
    <testcase name="Registration Feature - Data Driven Tests › Registration Test - REG-EP-05" classname="registration.spec.ts" time="10.047">
      <system-out>
        <![CDATA[
╔══════ Executing Test Case: REG-EP-05 ══════╗
║ Test Data: {
  "TestCaseID": "REG-EP-05",
  "FirstName": "O’Connor",
  "LastName": "Tran",
  "DOB": "5/20/1990",
  "Street": "123 Main St.",
  "City": "Hanoi",
  "State": "Hanoi",
  "Country": "Viet Nam",
  "PostalCode": "70000",
  "Phone": "123456789",
  "Email": "user@example.com",
  "Password": "Ab1@345678"
}
╚═══════════════════════════════════════════════════════╝
🧹 Clearing registration form...
✅ Form cleared
📝 Submitting registration form...
🌐 URL changed from http://localhost:4200/#/auth/register to http://localhost:4200/#/auth/register
Submission Result: {
  isSuccess: [33mfalse[39m,
  hasValidationErrors: [33mtrue[39m,
  hasServerError: [33mtrue[39m,
  validationErrors: { firstName: [ [32m'Invalid character.'[39m ] },
  serverError: [32m'Invalid character.'[39m,
  currentUrl: [32m'http://localhost:4200/#/auth/register'[39m,
  redirected: [33mfalse[39m
}
⚠️ Registration failed with validation errors: { firstName: [ [32m'Invalid character.'[39m ] }
✅ Test REG-EP-05 completed in 4292ms
]]>
      </system-out>
    </testcase>
    <testcase name="Registration Feature - Data Driven Tests › Registration Test - REG-EP-06" classname="registration.spec.ts" time="10.897">
      <system-out>
        <![CDATA[
╔══════ Executing Test Case: REG-EP-06 ══════╗
║ Test Data: {
  "TestCaseID": "REG-EP-06",
  "FirstName": "Élodie",
  "LastName": "Tran",
  "DOB": "5/20/1990",
  "Street": "123 Main St.",
  "City": "Hanoi",
  "State": "Hanoi",
  "Country": "Viet Nam",
  "PostalCode": "70000",
  "Phone": "123456789",
  "Email": "user@example.com",
  "Password": "Ab1@345678"
}
╚═══════════════════════════════════════════════════════╝
🧹 Clearing registration form...
✅ Form cleared
📝 Submitting registration form...
🌐 URL changed from http://localhost:4200/#/auth/register to http://localhost:4200/#/auth/register
Submission Result: {
  isSuccess: [33mfalse[39m,
  hasValidationErrors: [33mtrue[39m,
  hasServerError: [33mtrue[39m,
  validationErrors: { firstName: [ [32m'Invalid character.'[39m ] },
  serverError: [32m'Invalid character.'[39m,
  currentUrl: [32m'http://localhost:4200/#/auth/register'[39m,
  redirected: [33mfalse[39m
}
⚠️ Registration failed with validation errors: { firstName: [ [32m'Invalid character.'[39m ] }
✅ Test REG-EP-06 completed in 4246ms
]]>
      </system-out>
    </testcase>
    <testcase name="Registration Feature - Data Driven Tests › Registration Test - REG-EP-07" classname="registration.spec.ts" time="10.43">
      <system-out>
        <![CDATA[
╔══════ Executing Test Case: REG-EP-07 ══════╗
║ Test Data: {
  "TestCaseID": "REG-EP-07",
  "FirstName": "Nguyen",
  "LastName": "Tran",
  "DOB": "6/20/2025",
  "Street": "123 Main St.",
  "City": "Hanoi",
  "State": "Hanoi",
  "Country": "Viet Nam",
  "PostalCode": "70000",
  "Phone": "123456789",
  "Email": "user@example.com",
  "Password": "Ab1@345678"
}
╚═══════════════════════════════════════════════════════╝
🧹 Clearing registration form...
✅ Form cleared
📝 Submitting registration form...
🌐 URL changed from http://localhost:4200/#/auth/register to http://localhost:4200/#/auth/register
Submission Result: {
  isSuccess: [33mfalse[39m,
  hasValidationErrors: [33mtrue[39m,
  hasServerError: [33mtrue[39m,
  validationErrors: { general: [ [32m'Customer must be 18 years old.'[39m ] },
  serverError: [32m'Customer must be 18 years old. '[39m,
  currentUrl: [32m'http://localhost:4200/#/auth/register'[39m,
  redirected: [33mfalse[39m
}
⚠️ Registration failed with validation errors: { general: [ [32m'Customer must be 18 years old.'[39m ] }
✅ Test REG-EP-07 completed in 4421ms
]]>
      </system-out>
    </testcase>
    <testcase name="Registration Feature - Data Driven Tests › Registration Test - REG-EP-08" classname="registration.spec.ts" time="10.611">
      <system-out>
        <![CDATA[
╔══════ Executing Test Case: REG-EP-08 ══════╗
║ Test Data: {
  "TestCaseID": "REG-EP-08",
  "FirstName": "Nguyen",
  "LastName": "Tran",
  "DOB": "5/20/19900",
  "Street": "123 Main St.",
  "City": "Hanoi",
  "State": "Hanoi",
  "Country": "Viet Nam",
  "PostalCode": "70000",
  "Phone": "123456789",
  "Email": "user@example.com",
  "Password": "Ab1@345678"
}
╚═══════════════════════════════════════════════════════╝
🧹 Clearing registration form...
✅ Form cleared
📝 Submitting registration form...
🌐 URL changed from http://localhost:4200/#/auth/register to http://localhost:4200/#/auth/register
Submission Result: {
  isSuccess: [33mfalse[39m,
  hasValidationErrors: [33mtrue[39m,
  hasServerError: [33mtrue[39m,
  validationErrors: { general: [ [32m'The dob field must match the format Y-m-d.'[39m ] },
  serverError: [32m'The dob field must match the format Y-m-d. '[39m,
  currentUrl: [32m'http://localhost:4200/#/auth/register'[39m,
  redirected: [33mfalse[39m
}
⚠️ Registration failed with validation errors: { general: [ [32m'The dob field must match the format Y-m-d.'[39m ] }
✅ Test REG-EP-08 completed in 4699ms
]]>
      </system-out>
    </testcase>
    <testcase name="Registration Feature - Data Driven Tests › Registration Test - REG-EP-09" classname="registration.spec.ts" time="10.137">
      <system-out>
        <![CDATA[
╔══════ Executing Test Case: REG-EP-09 ══════╗
║ Test Data: {
  "TestCaseID": "REG-EP-09",
  "FirstName": "Nguyen",
  "LastName": "Tran",
  "DOB": "5/20/1990",
  "Street": "",
  "City": "Hanoi",
  "State": "Hanoi",
  "Country": "Viet Nam",
  "PostalCode": "70000",
  "Phone": "123456789",
  "Email": "user@example.com",
  "Password": "Ab1@345678"
}
╚═══════════════════════════════════════════════════════╝
🧹 Clearing registration form...
✅ Form cleared
📝 Submitting registration form...
🌐 URL changed from http://localhost:4200/#/auth/register to http://localhost:4200/#/auth/register
Submission Result: {
  isSuccess: [33mfalse[39m,
  hasValidationErrors: [33mtrue[39m,
  hasServerError: [33mtrue[39m,
  validationErrors: { address: [ [32m'Address is required.'[39m ] },
  serverError: [32m'Address is required.'[39m,
  currentUrl: [32m'http://localhost:4200/#/auth/register'[39m,
  redirected: [33mfalse[39m
}
⚠️ Registration failed with validation errors: { address: [ [32m'Address is required.'[39m ] }
✅ Test REG-EP-09 completed in 4392ms
]]>
      </system-out>
    </testcase>
    <testcase name="Registration Feature - Data Driven Tests › Registration Test - REG-EP-10" classname="registration.spec.ts" time="10.575">
      <system-out>
        <![CDATA[
╔══════ Executing Test Case: REG-EP-10 ══════╗
║ Test Data: {
  "TestCaseID": "REG-EP-10",
  "FirstName": "Nguyen",
  "LastName": "Tran",
  "DOB": "5/20/1990",
  "Street": "!!!",
  "City": "Hanoi",
  "State": "Hanoi",
  "Country": "Viet Nam",
  "PostalCode": "70000",
  "Phone": "123456789",
  "Email": "user@example.com",
  "Password": "Ab1@345678"
}
╚═══════════════════════════════════════════════════════╝
🧹 Clearing registration form...
✅ Form cleared
📝 Submitting registration form...
🌐 URL changed from http://localhost:4200/#/auth/register to http://localhost:4200/#/auth/register
Submission Result: {
  isSuccess: [33mfalse[39m,
  hasValidationErrors: [33mtrue[39m,
  hasServerError: [33mtrue[39m,
  validationErrors: {
    general: [
      [32m'The "" scheme is not supported; supported schemes for mailer "smtp" are: "smtp", "smtps".\r\n'[39m +
        [32m'Symfony\\Component\\Mailer\\Exception\\UnsupportedSchemeException\r\n'[39m +
        [32m'/var/www/vendor/symfony/mailer/Transport/Smtp/EsmtpTransportFactory.php\r\n'[39m +
        [32m'28\r\n'[39m +
        [32m'[object Object],[object Object],[object Object],[object Object],[object Object],[object Object],[object Object],[object Object],[object Object],[object Object],[object Object],[object Object],[object Object],[object Object],[object Object],[object Object],[object Object],[object Object],[object Object],[object Object],[object Object],[object Object],[object Object],[object Object],[object Object],[object Object],[object Object],[object Object],[object Object],[object Object],[object Object],[object Object],[object Object],[object Object],[object Object],[object Object],[object Object]'[39m
    ]
  },
  serverError: [32m'The "" scheme is not supported; supported schemes for mailer "smtp" are: "smtp", "smtps".\r\n'[39m +
    [32m'Symfony\\Component\\Mailer\\Exception\\UnsupportedSchemeException\r\n'[39m +
    [32m'/var/www/vendor/symfony/mailer/Transport/Smtp/EsmtpTransportFactory.php\r\n'[39m +
    [32m'28\r\n'[39m +
    [32m'[object Object],[object Object],[object Object],[object Object],[object Object],[object Object],[object Object],[object Object],[object Object],[object Object],[object Object],[object Object],[object Object],[object Object],[object Object],[object Object],[object Object],[object Object],[object Object],[object Object],[object Object],[object Object],[object Object],[object Object],[object Object],[object Object],[object Object],[object Object],[object Object],[object Object],[object Object],[object Object],[object Object],[object Object],[object Object],[object Object],[object Object] '[39m,
  currentUrl: [32m'http://localhost:4200/#/auth/register'[39m,
  redirected: [33mfalse[39m
}
⚠️ Registration failed with validation errors: {
  general: [
    [32m'The "" scheme is not supported; supported schemes for mailer "smtp" are: "smtp", "smtps".\r\n'[39m +
      [32m'Symfony\\Component\\Mailer\\Exception\\UnsupportedSchemeException\r\n'[39m +
      [32m'/var/www/vendor/symfony/mailer/Transport/Smtp/EsmtpTransportFactory.php\r\n'[39m +
      [32m'28\r\n'[39m +
      [32m'[object Object],[object Object],[object Object],[object Object],[object Object],[object Object],[object Object],[object Object],[object Object],[object Object],[object Object],[object Object],[object Object],[object Object],[object Object],[object Object],[object Object],[object Object],[object Object],[object Object],[object Object],[object Object],[object Object],[object Object],[object Object],[object Object],[object Object],[object Object],[object Object],[object Object],[object Object],[object Object],[object Object],[object Object],[object Object],[object Object],[object Object]'[39m
  ]
}
✅ Test REG-EP-10 completed in 4765ms
]]>
      </system-out>
    </testcase>
    <testcase name="Registration Feature - Data Driven Tests › Registration Test - REG-EP-11" classname="registration.spec.ts" time="5.131">
      <system-out>
        <![CDATA[
╔══════ Executing Test Case: REG-EP-11 ══════╗
║ Test Data: {
  "TestCaseID": "REG-EP-11",
  "FirstName": "Nguyen",
  "LastName": "Tran",
  "DOB": "5/20/1990",
  "Street": "123 Main St.",
  "City": "Hanoi",
  "State": "Hanoi",
  "Country": "",
  "PostalCode": "70000",
  "Phone": "123456789",
  "Email": "user@example.com",
  "Password": "Ab1@345678"
}
╚═══════════════════════════════════════════════════════╝
🧹 Clearing registration form...
✅ Form cleared
📝 Submitting registration form...
🌐 URL changed from http://localhost:4200/#/auth/register to http://localhost:4200/#/auth/register
Submission Result: {
  isSuccess: [33mfalse[39m,
  hasValidationErrors: [33mtrue[39m,
  hasServerError: [33mtrue[39m,
  validationErrors: { country: [ [32m'Country is required.'[39m ] },
  serverError: [32m'Country is required.'[39m,
  currentUrl: [32m'http://localhost:4200/#/auth/register'[39m,
  redirected: [33mfalse[39m
}
⚠️ Registration failed with validation errors: { country: [ [32m'Country is required.'[39m ] }
✅ Test REG-EP-11 completed in 3300ms
]]>
      </system-out>
    </testcase>
    <testcase name="Registration Feature - Data Driven Tests › Registration Test - REG-EP-12" classname="registration.spec.ts" time="5.047">
      <system-out>
        <![CDATA[
╔══════ Executing Test Case: REG-EP-12 ══════╗
║ Test Data: {
  "TestCaseID": "REG-EP-12",
  "FirstName": "Nguyen",
  "LastName": "Tran",
  "DOB": "5/20/1990",
  "Street": "123 Main St.",
  "City": "Hanoi",
  "State": "Hanoi",
  "Country": "Viet Nam",
  "PostalCode": "1234",
  "Phone": "123456789",
  "Email": "user@example.com",
  "Password": "Ab1@345678"
}
╚═══════════════════════════════════════════════════════╝
🧹 Clearing registration form...
✅ Form cleared
📝 Submitting registration form...
🌐 URL changed from http://localhost:4200/#/auth/register to http://localhost:4200/#/auth/register
Submission Result: {
  isSuccess: [33mfalse[39m,
  hasValidationErrors: [33mtrue[39m,
  hasServerError: [33mtrue[39m,
  validationErrors: {
    general: [
      [32m'The "" scheme is not supported; supported schemes for mailer "smtp" are: "smtp", "smtps".\r\n'[39m +
        [32m'Symfony\\Component\\Mailer\\Exception\\UnsupportedSchemeException\r\n'[39m +
        [32m'/var/www/vendor/symfony/mailer/Transport/Smtp/EsmtpTransportFactory.php\r\n'[39m +
        [32m'28\r\n'[39m +
        [32m'[object Object],[object Object],[object Object],[object Object],[object Object],[object Object],[object Object],[object Object],[object Object],[object Object],[object Object],[object Object],[object Object],[object Object],[object Object],[object Object],[object Object],[object Object],[object Object],[object Object],[object Object],[object Object],[object Object],[object Object],[object Object],[object Object],[object Object],[object Object],[object Object],[object Object],[object Object],[object Object],[object Object],[object Object],[object Object],[object Object],[object Object]'[39m
    ]
  },
  serverError: [32m'The "" scheme is not supported; supported schemes for mailer "smtp" are: "smtp", "smtps".\r\n'[39m +
    [32m'Symfony\\Component\\Mailer\\Exception\\UnsupportedSchemeException\r\n'[39m +
    [32m'/var/www/vendor/symfony/mailer/Transport/Smtp/EsmtpTransportFactory.php\r\n'[39m +
    [32m'28\r\n'[39m +
    [32m'[object Object],[object Object],[object Object],[object Object],[object Object],[object Object],[object Object],[object Object],[object Object],[object Object],[object Object],[object Object],[object Object],[object Object],[object Object],[object Object],[object Object],[object Object],[object Object],[object Object],[object Object],[object Object],[object Object],[object Object],[object Object],[object Object],[object Object],[object Object],[object Object],[object Object],[object Object],[object Object],[object Object],[object Object],[object Object],[object Object],[object Object] '[39m,
  currentUrl: [32m'http://localhost:4200/#/auth/register'[39m,
  redirected: [33mfalse[39m
}
⚠️ Registration failed with validation errors: {
  general: [
    [32m'The "" scheme is not supported; supported schemes for mailer "smtp" are: "smtp", "smtps".\r\n'[39m +
      [32m'Symfony\\Component\\Mailer\\Exception\\UnsupportedSchemeException\r\n'[39m +
      [32m'/var/www/vendor/symfony/mailer/Transport/Smtp/EsmtpTransportFactory.php\r\n'[39m +
      [32m'28\r\n'[39m +
      [32m'[object Object],[object Object],[object Object],[object Object],[object Object],[object Object],[object Object],[object Object],[object Object],[object Object],[object Object],[object Object],[object Object],[object Object],[object Object],[object Object],[object Object],[object Object],[object Object],[object Object],[object Object],[object Object],[object Object],[object Object],[object Object],[object Object],[object Object],[object Object],[object Object],[object Object],[object Object],[object Object],[object Object],[object Object],[object Object],[object Object],[object Object]'[39m
  ]
}
✅ Test REG-EP-12 completed in 3302ms
]]>
      </system-out>
    </testcase>
    <testcase name="Registration Feature - Data Driven Tests › Registration Test - REG-EP-13" classname="registration.spec.ts" time="6.341">
      <system-out>
        <![CDATA[
╔══════ Executing Test Case: REG-EP-13 ══════╗
║ Test Data: {
  "TestCaseID": "REG-EP-13",
  "FirstName": "Nguyen",
  "LastName": "Tran",
  "DOB": "5/20/1990",
  "Street": "123 Main St.",
  "City": "Hanoi",
  "State": "Hanoi",
  "Country": "Viet Nam",
  "PostalCode": "12A45",
  "Phone": "123456789",
  "Email": "user@example.com",
  "Password": "Ab1@345678"
}
╚═══════════════════════════════════════════════════════╝
🧹 Clearing registration form...
✅ Form cleared
📝 Submitting registration form...
🌐 URL changed from http://localhost:4200/#/auth/register to http://localhost:4200/#/auth/register
Submission Result: {
  isSuccess: [33mfalse[39m,
  hasValidationErrors: [33mtrue[39m,
  hasServerError: [33mtrue[39m,
  validationErrors: {
    general: [
      [32m'The "" scheme is not supported; supported schemes for mailer "smtp" are: "smtp", "smtps".\r\n'[39m +
        [32m'Symfony\\Component\\Mailer\\Exception\\UnsupportedSchemeException\r\n'[39m +
        [32m'/var/www/vendor/symfony/mailer/Transport/Smtp/EsmtpTransportFactory.php\r\n'[39m +
        [32m'28\r\n'[39m +
        [32m'[object Object],[object Object],[object Object],[object Object],[object Object],[object Object],[object Object],[object Object],[object Object],[object Object],[object Object],[object Object],[object Object],[object Object],[object Object],[object Object],[object Object],[object Object],[object Object],[object Object],[object Object],[object Object],[object Object],[object Object],[object Object],[object Object],[object Object],[object Object],[object Object],[object Object],[object Object],[object Object],[object Object],[object Object],[object Object],[object Object],[object Object]'[39m
    ]
  },
  serverError: [32m'The "" scheme is not supported; supported schemes for mailer "smtp" are: "smtp", "smtps".\r\n'[39m +
    [32m'Symfony\\Component\\Mailer\\Exception\\UnsupportedSchemeException\r\n'[39m +
    [32m'/var/www/vendor/symfony/mailer/Transport/Smtp/EsmtpTransportFactory.php\r\n'[39m +
    [32m'28\r\n'[39m +
    [32m'[object Object],[object Object],[object Object],[object Object],[object Object],[object Object],[object Object],[object Object],[object Object],[object Object],[object Object],[object Object],[object Object],[object Object],[object Object],[object Object],[object Object],[object Object],[object Object],[object Object],[object Object],[object Object],[object Object],[object Object],[object Object],[object Object],[object Object],[object Object],[object Object],[object Object],[object Object],[object Object],[object Object],[object Object],[object Object],[object Object],[object Object] '[39m,
  currentUrl: [32m'http://localhost:4200/#/auth/register'[39m,
  redirected: [33mfalse[39m
}
⚠️ Registration failed with validation errors: {
  general: [
    [32m'The "" scheme is not supported; supported schemes for mailer "smtp" are: "smtp", "smtps".\r\n'[39m +
      [32m'Symfony\\Component\\Mailer\\Exception\\UnsupportedSchemeException\r\n'[39m +
      [32m'/var/www/vendor/symfony/mailer/Transport/Smtp/EsmtpTransportFactory.php\r\n'[39m +
      [32m'28\r\n'[39m +
      [32m'[object Object],[object Object],[object Object],[object Object],[object Object],[object Object],[object Object],[object Object],[object Object],[object Object],[object Object],[object Object],[object Object],[object Object],[object Object],[object Object],[object Object],[object Object],[object Object],[object Object],[object Object],[object Object],[object Object],[object Object],[object Object],[object Object],[object Object],[object Object],[object Object],[object Object],[object Object],[object Object],[object Object],[object Object],[object Object],[object Object],[object Object]'[39m
  ]
}
✅ Test REG-EP-13 completed in 3976ms
]]>
      </system-out>
    </testcase>
    <testcase name="Registration Feature - Data Driven Tests › Registration Test - REG-EP-14" classname="registration.spec.ts" time="6.179">
      <system-out>
        <![CDATA[
╔══════ Executing Test Case: REG-EP-14 ══════╗
║ Test Data: {
  "TestCaseID": "REG-EP-14",
  "FirstName": "Nguyen",
  "LastName": "Tran",
  "DOB": "5/20/1990",
  "Street": "123 Main St.",
  "City": "Hanoi",
  "State": "Hanoi",
  "Country": "Viet Nam",
  "PostalCode": "70000",
  "Phone": "01234ABCD9",
  "Email": "user@example.com",
  "Password": "Ab1@345678"
}
╚═══════════════════════════════════════════════════════╝
🧹 Clearing registration form...
✅ Form cleared
📝 Submitting registration form...
🌐 URL changed from http://localhost:4200/#/auth/register to http://localhost:4200/#/auth/register
Submission Result: {
  isSuccess: [33mfalse[39m,
  hasValidationErrors: [33mtrue[39m,
  hasServerError: [33mtrue[39m,
  validationErrors: { phone: [ [32m'Only numbers are allowed.'[39m ] },
  serverError: [32m'Only numbers are allowed.'[39m,
  currentUrl: [32m'http://localhost:4200/#/auth/register'[39m,
  redirected: [33mfalse[39m
}
⚠️ Registration failed with validation errors: { phone: [ [32m'Only numbers are allowed.'[39m ] }
✅ Test REG-EP-14 completed in 3644ms
]]>
      </system-out>
    </testcase>
    <testcase name="Registration Feature - Data Driven Tests › Registration Test - REG-EP-15" classname="registration.spec.ts" time="6.258">
      <system-out>
        <![CDATA[
╔══════ Executing Test Case: REG-EP-15 ══════╗
║ Test Data: {
  "TestCaseID": "REG-EP-15",
  "FirstName": "Nguyen",
  "LastName": "Tran",
  "DOB": "5/20/1990",
  "Street": "123 Main St.",
  "City": "Hanoi",
  "State": "Hanoi",
  "Country": "Viet Nam",
  "PostalCode": "70000",
  "Phone": "12345678",
  "Email": "user@example.com",
  "Password": "Ab1@345678"
}
╚═══════════════════════════════════════════════════════╝
🧹 Clearing registration form...
✅ Form cleared
📝 Submitting registration form...
🌐 URL changed from http://localhost:4200/#/auth/register to http://localhost:4200/#/auth/register
Submission Result: {
  isSuccess: [33mfalse[39m,
  hasValidationErrors: [33mtrue[39m,
  hasServerError: [33mtrue[39m,
  validationErrors: {
    general: [
      [32m'The "" scheme is not supported; supported schemes for mailer "smtp" are: "smtp", "smtps".\r\n'[39m +
        [32m'Symfony\\Component\\Mailer\\Exception\\UnsupportedSchemeException\r\n'[39m +
        [32m'/var/www/vendor/symfony/mailer/Transport/Smtp/EsmtpTransportFactory.php\r\n'[39m +
        [32m'28\r\n'[39m +
        [32m'[object Object],[object Object],[object Object],[object Object],[object Object],[object Object],[object Object],[object Object],[object Object],[object Object],[object Object],[object Object],[object Object],[object Object],[object Object],[object Object],[object Object],[object Object],[object Object],[object Object],[object Object],[object Object],[object Object],[object Object],[object Object],[object Object],[object Object],[object Object],[object Object],[object Object],[object Object],[object Object],[object Object],[object Object],[object Object],[object Object],[object Object]'[39m
    ]
  },
  serverError: [32m'The "" scheme is not supported; supported schemes for mailer "smtp" are: "smtp", "smtps".\r\n'[39m +
    [32m'Symfony\\Component\\Mailer\\Exception\\UnsupportedSchemeException\r\n'[39m +
    [32m'/var/www/vendor/symfony/mailer/Transport/Smtp/EsmtpTransportFactory.php\r\n'[39m +
    [32m'28\r\n'[39m +
    [32m'[object Object],[object Object],[object Object],[object Object],[object Object],[object Object],[object Object],[object Object],[object Object],[object Object],[object Object],[object Object],[object Object],[object Object],[object Object],[object Object],[object Object],[object Object],[object Object],[object Object],[object Object],[object Object],[object Object],[object Object],[object Object],[object Object],[object Object],[object Object],[object Object],[object Object],[object Object],[object Object],[object Object],[object Object],[object Object],[object Object],[object Object] '[39m,
  currentUrl: [32m'http://localhost:4200/#/auth/register'[39m,
  redirected: [33mfalse[39m
}
⚠️ Registration failed with validation errors: {
  general: [
    [32m'The "" scheme is not supported; supported schemes for mailer "smtp" are: "smtp", "smtps".\r\n'[39m +
      [32m'Symfony\\Component\\Mailer\\Exception\\UnsupportedSchemeException\r\n'[39m +
      [32m'/var/www/vendor/symfony/mailer/Transport/Smtp/EsmtpTransportFactory.php\r\n'[39m +
      [32m'28\r\n'[39m +
      [32m'[object Object],[object Object],[object Object],[object Object],[object Object],[object Object],[object Object],[object Object],[object Object],[object Object],[object Object],[object Object],[object Object],[object Object],[object Object],[object Object],[object Object],[object Object],[object Object],[object Object],[object Object],[object Object],[object Object],[object Object],[object Object],[object Object],[object Object],[object Object],[object Object],[object Object],[object Object],[object Object],[object Object],[object Object],[object Object],[object Object],[object Object]'[39m
  ]
}
✅ Test REG-EP-15 completed in 3862ms
]]>
      </system-out>
    </testcase>
    <testcase name="Registration Feature - Data Driven Tests › Registration Test - REG-EP-16" classname="registration.spec.ts" time="6.323">
      <system-out>
        <![CDATA[
╔══════ Executing Test Case: REG-EP-16 ══════╗
║ Test Data: {
  "TestCaseID": "REG-EP-16",
  "FirstName": "Nguyen",
  "LastName": "Tran",
  "DOB": "5/20/1990",
  "Street": "123 Main St.",
  "City": "Hanoi",
  "State": "Hanoi",
  "Country": "Viet Nam",
  "PostalCode": "70000",
  "Phone": "123456789",
  "Email": "userexample.com",
  "Password": "Ab1@345678"
}
╚═══════════════════════════════════════════════════════╝
🧹 Clearing registration form...
✅ Form cleared
📝 Submitting registration form...
🌐 URL changed from http://localhost:4200/#/auth/register to http://localhost:4200/#/auth/register
Submission Result: {
  isSuccess: [33mfalse[39m,
  hasValidationErrors: [33mtrue[39m,
  hasServerError: [33mtrue[39m,
  validationErrors: { email: [ [32m'E-mail format is invalid.'[39m ] },
  serverError: [32m'E-mail format is invalid.'[39m,
  currentUrl: [32m'http://localhost:4200/#/auth/register'[39m,
  redirected: [33mfalse[39m
}
⚠️ Registration failed with validation errors: { email: [ [32m'E-mail format is invalid.'[39m ] }
✅ Test REG-EP-16 completed in 3862ms
]]>
      </system-out>
    </testcase>
    <testcase name="Registration Feature - Data Driven Tests › Registration Test - REG-EP-17" classname="registration.spec.ts" time="6.386">
      <system-out>
        <![CDATA[
╔══════ Executing Test Case: REG-EP-17 ══════╗
║ Test Data: {
  "TestCaseID": "REG-EP-17",
  "FirstName": "Nguyen",
  "LastName": "Tran",
  "DOB": "5/20/1990",
  "Street": "123 Main St.",
  "City": "Hanoi",
  "State": "Hanoi",
  "Country": "Viet Nam",
  "PostalCode": "70000",
  "Phone": "123456789",
  "Email": "user@.com",
  "Password": "Ab1@345678"
}
╚═══════════════════════════════════════════════════════╝
🧹 Clearing registration form...
✅ Form cleared
📝 Submitting registration form...
🌐 URL changed from http://localhost:4200/#/auth/register to http://localhost:4200/#/auth/register
Submission Result: {
  isSuccess: [33mfalse[39m,
  hasValidationErrors: [33mtrue[39m,
  hasServerError: [33mtrue[39m,
  validationErrors: { email: [ [32m'E-mail format is invalid.'[39m ] },
  serverError: [32m'E-mail format is invalid.'[39m,
  currentUrl: [32m'http://localhost:4200/#/auth/register'[39m,
  redirected: [33mfalse[39m
}
⚠️ Registration failed with validation errors: { email: [ [32m'E-mail format is invalid.'[39m ] }
✅ Test REG-EP-17 completed in 3695ms
]]>
      </system-out>
    </testcase>
    <testcase name="Registration Feature - Data Driven Tests › Registration Test - REG-EP-18" classname="registration.spec.ts" time="6.273">
      <system-out>
        <![CDATA[
╔══════ Executing Test Case: REG-EP-18 ══════╗
║ Test Data: {
  "TestCaseID": "REG-EP-18",
  "FirstName": "Nguyen",
  "LastName": "Tran",
  "DOB": "5/20/1990",
  "Street": "123 Main St.",
  "City": "Hanoi",
  "State": "Hanoi",
  "Country": "Viet Nam",
  "PostalCode": "70000",
  "Phone": "123456789",
  "Email": "",
  "Password": "Ab1@345678"
}
╚═══════════════════════════════════════════════════════╝
🧹 Clearing registration form...
✅ Form cleared
📝 Submitting registration form...
🌐 URL changed from http://localhost:4200/#/auth/register to http://localhost:4200/#/auth/register
Submission Result: {
  isSuccess: [33mfalse[39m,
  hasValidationErrors: [33mtrue[39m,
  hasServerError: [33mtrue[39m,
  validationErrors: { email: [ [32m'E-mail is required.'[39m ] },
  serverError: [32m'E-mail is required.'[39m,
  currentUrl: [32m'http://localhost:4200/#/auth/register'[39m,
  redirected: [33mfalse[39m
}
⚠️ Registration failed with validation errors: { email: [ [32m'E-mail is required.'[39m ] }
✅ Test REG-EP-18 completed in 3837ms
]]>
      </system-out>
    </testcase>
    <testcase name="Registration Feature - Data Driven Tests › Registration Test - REG-EP-19" classname="registration.spec.ts" time="6.119">
      <system-out>
        <![CDATA[
╔══════ Executing Test Case: REG-EP-19 ══════╗
║ Test Data: {
  "TestCaseID": "REG-EP-19",
  "FirstName": "Nguyen",
  "LastName": "Tran",
  "DOB": "5/20/1990",
  "Street": "123 Main St.",
  "City": "Hanoi",
  "State": "Hanoi",
  "Country": "Viet Nam",
  "PostalCode": "70000",
  "Phone": "123456789",
  "Email": "user@example.com",
  "Password": "ab1@345678"
}
╚═══════════════════════════════════════════════════════╝
🧹 Clearing registration form...
✅ Form cleared
📝 Submitting registration form...
🌐 URL changed from http://localhost:4200/#/auth/register to http://localhost:4200/#/auth/register
Submission Result: {
  isSuccess: [33mfalse[39m,
  hasValidationErrors: [33mtrue[39m,
  hasServerError: [33mtrue[39m,
  validationErrors: {
    general: [
      [32m'The "" scheme is not supported; supported schemes for mailer "smtp" are: "smtp", "smtps".\r\n'[39m +
        [32m'Symfony\\Component\\Mailer\\Exception\\UnsupportedSchemeException\r\n'[39m +
        [32m'/var/www/vendor/symfony/mailer/Transport/Smtp/EsmtpTransportFactory.php\r\n'[39m +
        [32m'28\r\n'[39m +
        [32m'[object Object],[object Object],[object Object],[object Object],[object Object],[object Object],[object Object],[object Object],[object Object],[object Object],[object Object],[object Object],[object Object],[object Object],[object Object],[object Object],[object Object],[object Object],[object Object],[object Object],[object Object],[object Object],[object Object],[object Object],[object Object],[object Object],[object Object],[object Object],[object Object],[object Object],[object Object],[object Object],[object Object],[object Object],[object Object],[object Object],[object Object]'[39m
    ]
  },
  serverError: [32m'The "" scheme is not supported; supported schemes for mailer "smtp" are: "smtp", "smtps".\r\n'[39m +
    [32m'Symfony\\Component\\Mailer\\Exception\\UnsupportedSchemeException\r\n'[39m +
    [32m'/var/www/vendor/symfony/mailer/Transport/Smtp/EsmtpTransportFactory.php\r\n'[39m +
    [32m'28\r\n'[39m +
    [32m'[object Object],[object Object],[object Object],[object Object],[object Object],[object Object],[object Object],[object Object],[object Object],[object Object],[object Object],[object Object],[object Object],[object Object],[object Object],[object Object],[object Object],[object Object],[object Object],[object Object],[object Object],[object Object],[object Object],[object Object],[object Object],[object Object],[object Object],[object Object],[object Object],[object Object],[object Object],[object Object],[object Object],[object Object],[object Object],[object Object],[object Object] '[39m,
  currentUrl: [32m'http://localhost:4200/#/auth/register'[39m,
  redirected: [33mfalse[39m
}
⚠️ Registration failed with validation errors: {
  general: [
    [32m'The "" scheme is not supported; supported schemes for mailer "smtp" are: "smtp", "smtps".\r\n'[39m +
      [32m'Symfony\\Component\\Mailer\\Exception\\UnsupportedSchemeException\r\n'[39m +
      [32m'/var/www/vendor/symfony/mailer/Transport/Smtp/EsmtpTransportFactory.php\r\n'[39m +
      [32m'28\r\n'[39m +
      [32m'[object Object],[object Object],[object Object],[object Object],[object Object],[object Object],[object Object],[object Object],[object Object],[object Object],[object Object],[object Object],[object Object],[object Object],[object Object],[object Object],[object Object],[object Object],[object Object],[object Object],[object Object],[object Object],[object Object],[object Object],[object Object],[object Object],[object Object],[object Object],[object Object],[object Object],[object Object],[object Object],[object Object],[object Object],[object Object],[object Object],[object Object]'[39m
  ]
}
✅ Test REG-EP-19 completed in 3849ms
]]>
      </system-out>
    </testcase>
    <testcase name="Registration Feature - Data Driven Tests › Registration Test - REG-EP-20" classname="registration.spec.ts" time="6.228">
      <system-out>
        <![CDATA[
╔══════ Executing Test Case: REG-EP-20 ══════╗
║ Test Data: {
  "TestCaseID": "REG-EP-20",
  "FirstName": "Nguyen",
  "LastName": "Tran",
  "DOB": "5/20/1990",
  "Street": "123 Main St.",
  "City": "Hanoi",
  "State": "Hanoi",
  "Country": "Viet Nam",
  "PostalCode": "70000",
  "Phone": "123456789",
  "Email": "user@example.com",
  "Password": "Ab12345678"
}
╚═══════════════════════════════════════════════════════╝
🧹 Clearing registration form...
✅ Form cleared
📝 Submitting registration form...
🌐 URL changed from http://localhost:4200/#/auth/register to http://localhost:4200/#/auth/register
Submission Result: {
  isSuccess: [33mfalse[39m,
  hasValidationErrors: [33mtrue[39m,
  hasServerError: [33mtrue[39m,
  validationErrors: {
    general: [
      [32m'The "" scheme is not supported; supported schemes for mailer "smtp" are: "smtp", "smtps".\r\n'[39m +
        [32m'Symfony\\Component\\Mailer\\Exception\\UnsupportedSchemeException\r\n'[39m +
        [32m'/var/www/vendor/symfony/mailer/Transport/Smtp/EsmtpTransportFactory.php\r\n'[39m +
        [32m'28\r\n'[39m +
        [32m'[object Object],[object Object],[object Object],[object Object],[object Object],[object Object],[object Object],[object Object],[object Object],[object Object],[object Object],[object Object],[object Object],[object Object],[object Object],[object Object],[object Object],[object Object],[object Object],[object Object],[object Object],[object Object],[object Object],[object Object],[object Object],[object Object],[object Object],[object Object],[object Object],[object Object],[object Object],[object Object],[object Object],[object Object],[object Object],[object Object],[object Object]'[39m
    ]
  },
  serverError: [32m'The "" scheme is not supported; supported schemes for mailer "smtp" are: "smtp", "smtps".\r\n'[39m +
    [32m'Symfony\\Component\\Mailer\\Exception\\UnsupportedSchemeException\r\n'[39m +
    [32m'/var/www/vendor/symfony/mailer/Transport/Smtp/EsmtpTransportFactory.php\r\n'[39m +
    [32m'28\r\n'[39m +
    [32m'[object Object],[object Object],[object Object],[object Object],[object Object],[object Object],[object Object],[object Object],[object Object],[object Object],[object Object],[object Object],[object Object],[object Object],[object Object],[object Object],[object Object],[object Object],[object Object],[object Object],[object Object],[object Object],[object Object],[object Object],[object Object],[object Object],[object Object],[object Object],[object Object],[object Object],[object Object],[object Object],[object Object],[object Object],[object Object],[object Object],[object Object] '[39m,
  currentUrl: [32m'http://localhost:4200/#/auth/register'[39m,
  redirected: [33mfalse[39m
}
⚠️ Registration failed with validation errors: {
  general: [
    [32m'The "" scheme is not supported; supported schemes for mailer "smtp" are: "smtp", "smtps".\r\n'[39m +
      [32m'Symfony\\Component\\Mailer\\Exception\\UnsupportedSchemeException\r\n'[39m +
      [32m'/var/www/vendor/symfony/mailer/Transport/Smtp/EsmtpTransportFactory.php\r\n'[39m +
      [32m'28\r\n'[39m +
      [32m'[object Object],[object Object],[object Object],[object Object],[object Object],[object Object],[object Object],[object Object],[object Object],[object Object],[object Object],[object Object],[object Object],[object Object],[object Object],[object Object],[object Object],[object Object],[object Object],[object Object],[object Object],[object Object],[object Object],[object Object],[object Object],[object Object],[object Object],[object Object],[object Object],[object Object],[object Object],[object Object],[object Object],[object Object],[object Object],[object Object],[object Object]'[39m
  ]
}
✅ Test REG-EP-20 completed in 3998ms
]]>
      </system-out>
    </testcase>
    <testcase name="Registration Feature - Data Driven Tests › Registration Test - REG-EP-21" classname="registration.spec.ts" time="5.005">
      <system-out>
        <![CDATA[
╔══════ Executing Test Case: REG-EP-21 ══════╗
║ Test Data: {
  "TestCaseID": "REG-EP-21",
  "FirstName": "Nguyen",
  "LastName": "Tran",
  "DOB": "5/20/1990",
  "Street": "123 Main St.",
  "City": "Hanoi",
  "State": "Hanoi",
  "Country": "Viet Nam",
  "PostalCode": "70000",
  "Phone": "123456789",
  "Email": "user@example.com",
  "Password": "Ab1@34567"
}
╚═══════════════════════════════════════════════════════╝
🧹 Clearing registration form...
✅ Form cleared
📝 Submitting registration form...
🌐 URL changed from http://localhost:4200/#/auth/register to http://localhost:4200/#/auth/register
Submission Result: {
  isSuccess: [33mfalse[39m,
  hasValidationErrors: [33mtrue[39m,
  hasServerError: [33mtrue[39m,
  validationErrors: {
    general: [
      [32m'The "" scheme is not supported; supported schemes for mailer "smtp" are: "smtp", "smtps".\r\n'[39m +
        [32m'Symfony\\Component\\Mailer\\Exception\\UnsupportedSchemeException\r\n'[39m +
        [32m'/var/www/vendor/symfony/mailer/Transport/Smtp/EsmtpTransportFactory.php\r\n'[39m +
        [32m'28\r\n'[39m +
        [32m'[object Object],[object Object],[object Object],[object Object],[object Object],[object Object],[object Object],[object Object],[object Object],[object Object],[object Object],[object Object],[object Object],[object Object],[object Object],[object Object],[object Object],[object Object],[object Object],[object Object],[object Object],[object Object],[object Object],[object Object],[object Object],[object Object],[object Object],[object Object],[object Object],[object Object],[object Object],[object Object],[object Object],[object Object],[object Object],[object Object],[object Object]'[39m
    ]
  },
  serverError: [32m'The "" scheme is not supported; supported schemes for mailer "smtp" are: "smtp", "smtps".\r\n'[39m +
    [32m'Symfony\\Component\\Mailer\\Exception\\UnsupportedSchemeException\r\n'[39m +
    [32m'/var/www/vendor/symfony/mailer/Transport/Smtp/EsmtpTransportFactory.php\r\n'[39m +
    [32m'28\r\n'[39m +
    [32m'[object Object],[object Object],[object Object],[object Object],[object Object],[object Object],[object Object],[object Object],[object Object],[object Object],[object Object],[object Object],[object Object],[object Object],[object Object],[object Object],[object Object],[object Object],[object Object],[object Object],[object Object],[object Object],[object Object],[object Object],[object Object],[object Object],[object Object],[object Object],[object Object],[object Object],[object Object],[object Object],[object Object],[object Object],[object Object],[object Object],[object Object] '[39m,
  currentUrl: [32m'http://localhost:4200/#/auth/register'[39m,
  redirected: [33mfalse[39m
}
⚠️ Registration failed with validation errors: {
  general: [
    [32m'The "" scheme is not supported; supported schemes for mailer "smtp" are: "smtp", "smtps".\r\n'[39m +
      [32m'Symfony\\Component\\Mailer\\Exception\\UnsupportedSchemeException\r\n'[39m +
      [32m'/var/www/vendor/symfony/mailer/Transport/Smtp/EsmtpTransportFactory.php\r\n'[39m +
      [32m'28\r\n'[39m +
      [32m'[object Object],[object Object],[object Object],[object Object],[object Object],[object Object],[object Object],[object Object],[object Object],[object Object],[object Object],[object Object],[object Object],[object Object],[object Object],[object Object],[object Object],[object Object],[object Object],[object Object],[object Object],[object Object],[object Object],[object Object],[object Object],[object Object],[object Object],[object Object],[object Object],[object Object],[object Object],[object Object],[object Object],[object Object],[object Object],[object Object],[object Object]'[39m
  ]
}
✅ Test REG-EP-21 completed in 3568ms
]]>
      </system-out>
    </testcase>
    <testcase name="Registration Feature - Data Driven Tests › Registration Test - REG-EP-22" classname="registration.spec.ts" time="4.989">
      <system-out>
        <![CDATA[
╔══════ Executing Test Case: REG-EP-22 ══════╗
║ Test Data: {
  "TestCaseID": "REG-EP-22",
  "FirstName": "Nguyen",
  "LastName": "Tran",
  "DOB": "5/20/1990",
  "Street": "123 Main St.",
  "City": "Hanoi",
  "State": "Hanoi",
  "Country": "Viet Nam",
  "PostalCode": "70000",
  "Phone": "123456789",
  "Email": "user@example.com",
  "Password": "Ab1@345678"
}
╚═══════════════════════════════════════════════════════╝
🧹 Clearing registration form...
✅ Form cleared
📝 Submitting registration form...
🌐 URL changed from http://localhost:4200/#/auth/register to http://localhost:4200/#/auth/register
Submission Result: {
  isSuccess: [33mfalse[39m,
  hasValidationErrors: [33mtrue[39m,
  hasServerError: [33mtrue[39m,
  validationErrors: {
    general: [
      [32m'The "" scheme is not supported; supported schemes for mailer "smtp" are: "smtp", "smtps".\r\n'[39m +
        [32m'Symfony\\Component\\Mailer\\Exception\\UnsupportedSchemeException\r\n'[39m +
        [32m'/var/www/vendor/symfony/mailer/Transport/Smtp/EsmtpTransportFactory.php\r\n'[39m +
        [32m'28\r\n'[39m +
        [32m'[object Object],[object Object],[object Object],[object Object],[object Object],[object Object],[object Object],[object Object],[object Object],[object Object],[object Object],[object Object],[object Object],[object Object],[object Object],[object Object],[object Object],[object Object],[object Object],[object Object],[object Object],[object Object],[object Object],[object Object],[object Object],[object Object],[object Object],[object Object],[object Object],[object Object],[object Object],[object Object],[object Object],[object Object],[object Object],[object Object],[object Object]'[39m
    ]
  },
  serverError: [32m'The "" scheme is not supported; supported schemes for mailer "smtp" are: "smtp", "smtps".\r\n'[39m +
    [32m'Symfony\\Component\\Mailer\\Exception\\UnsupportedSchemeException\r\n'[39m +
    [32m'/var/www/vendor/symfony/mailer/Transport/Smtp/EsmtpTransportFactory.php\r\n'[39m +
    [32m'28\r\n'[39m +
    [32m'[object Object],[object Object],[object Object],[object Object],[object Object],[object Object],[object Object],[object Object],[object Object],[object Object],[object Object],[object Object],[object Object],[object Object],[object Object],[object Object],[object Object],[object Object],[object Object],[object Object],[object Object],[object Object],[object Object],[object Object],[object Object],[object Object],[object Object],[object Object],[object Object],[object Object],[object Object],[object Object],[object Object],[object Object],[object Object],[object Object],[object Object] '[39m,
  currentUrl: [32m'http://localhost:4200/#/auth/register'[39m,
  redirected: [33mfalse[39m
}
⚠️ Registration failed with validation errors: {
  general: [
    [32m'The "" scheme is not supported; supported schemes for mailer "smtp" are: "smtp", "smtps".\r\n'[39m +
      [32m'Symfony\\Component\\Mailer\\Exception\\UnsupportedSchemeException\r\n'[39m +
      [32m'/var/www/vendor/symfony/mailer/Transport/Smtp/EsmtpTransportFactory.php\r\n'[39m +
      [32m'28\r\n'[39m +
      [32m'[object Object],[object Object],[object Object],[object Object],[object Object],[object Object],[object Object],[object Object],[object Object],[object Object],[object Object],[object Object],[object Object],[object Object],[object Object],[object Object],[object Object],[object Object],[object Object],[object Object],[object Object],[object Object],[object Object],[object Object],[object Object],[object Object],[object Object],[object Object],[object Object],[object Object],[object Object],[object Object],[object Object],[object Object],[object Object],[object Object],[object Object]'[39m
  ]
}
✅ Test REG-EP-22 completed in 3584ms
]]>
      </system-out>
    </testcase>
    <testcase name="Registration Feature - Data Driven Tests › Registration Test - REG-BVA-02" classname="registration.spec.ts" time="5.042">
      <system-out>
        <![CDATA[
╔══════ Executing Test Case: REG-BVA-02 ══════╗
║ Test Data: {
  "TestCaseID": "REG-BVA-02",
  "FirstName": "A",
  "LastName": "Smith",
  "DOB": "1/1/1990",
  "Street": "123 A St.",
  "City": "HCM",
  "State": "HCM",
  "Country": "Viet Nam",
  "PostalCode": "70000",
  "Phone": "123456789",
  "Email": "user@example.com",
  "Password": "Ab1@345678"
}
╚═══════════════════════════════════════════════════════╝
🧹 Clearing registration form...
✅ Form cleared
📝 Submitting registration form...
🌐 URL changed from http://localhost:4200/#/auth/register to http://localhost:4200/#/auth/register
Submission Result: {
  isSuccess: [33mfalse[39m,
  hasValidationErrors: [33mtrue[39m,
  hasServerError: [33mtrue[39m,
  validationErrors: {
    general: [
      [32m'The "" scheme is not supported; supported schemes for mailer "smtp" are: "smtp", "smtps".\r\n'[39m +
        [32m'Symfony\\Component\\Mailer\\Exception\\UnsupportedSchemeException\r\n'[39m +
        [32m'/var/www/vendor/symfony/mailer/Transport/Smtp/EsmtpTransportFactory.php\r\n'[39m +
        [32m'28\r\n'[39m +
        [32m'[object Object],[object Object],[object Object],[object Object],[object Object],[object Object],[object Object],[object Object],[object Object],[object Object],[object Object],[object Object],[object Object],[object Object],[object Object],[object Object],[object Object],[object Object],[object Object],[object Object],[object Object],[object Object],[object Object],[object Object],[object Object],[object Object],[object Object],[object Object],[object Object],[object Object],[object Object],[object Object],[object Object],[object Object],[object Object],[object Object],[object Object]'[39m
    ]
  },
  serverError: [32m'The "" scheme is not supported; supported schemes for mailer "smtp" are: "smtp", "smtps".\r\n'[39m +
    [32m'Symfony\\Component\\Mailer\\Exception\\UnsupportedSchemeException\r\n'[39m +
    [32m'/var/www/vendor/symfony/mailer/Transport/Smtp/EsmtpTransportFactory.php\r\n'[39m +
    [32m'28\r\n'[39m +
    [32m'[object Object],[object Object],[object Object],[object Object],[object Object],[object Object],[object Object],[object Object],[object Object],[object Object],[object Object],[object Object],[object Object],[object Object],[object Object],[object Object],[object Object],[object Object],[object Object],[object Object],[object Object],[object Object],[object Object],[object Object],[object Object],[object Object],[object Object],[object Object],[object Object],[object Object],[object Object],[object Object],[object Object],[object Object],[object Object],[object Object],[object Object] '[39m,
  currentUrl: [32m'http://localhost:4200/#/auth/register'[39m,
  redirected: [33mfalse[39m
}
⚠️ Registration failed with validation errors: {
  general: [
    [32m'The "" scheme is not supported; supported schemes for mailer "smtp" are: "smtp", "smtps".\r\n'[39m +
      [32m'Symfony\\Component\\Mailer\\Exception\\UnsupportedSchemeException\r\n'[39m +
      [32m'/var/www/vendor/symfony/mailer/Transport/Smtp/EsmtpTransportFactory.php\r\n'[39m +
      [32m'28\r\n'[39m +
      [32m'[object Object],[object Object],[object Object],[object Object],[object Object],[object Object],[object Object],[object Object],[object Object],[object Object],[object Object],[object Object],[object Object],[object Object],[object Object],[object Object],[object Object],[object Object],[object Object],[object Object],[object Object],[object Object],[object Object],[object Object],[object Object],[object Object],[object Object],[object Object],[object Object],[object Object],[object Object],[object Object],[object Object],[object Object],[object Object],[object Object],[object Object]'[39m
  ]
}
✅ Test REG-BVA-02 completed in 3326ms
]]>
      </system-out>
    </testcase>
    <testcase name="Registration Feature - Data Driven Tests › Registration Test - REG-BVA-03" classname="registration.spec.ts" time="5.241">
      <system-out>
        <![CDATA[
╔══════ Executing Test Case: REG-BVA-03 ══════╗
║ Test Data: {
  "TestCaseID": "REG-BVA-03",
  "FirstName": "AB",
  "LastName": "Smith",
  "DOB": "1/1/1990",
  "Street": "123 A St.",
  "City": "HCM",
  "State": "HCM",
  "Country": "Viet Nam",
  "PostalCode": "70000",
  "Phone": "123456789",
  "Email": "user@example.com",
  "Password": "Ab1@345678"
}
╚═══════════════════════════════════════════════════════╝
🧹 Clearing registration form...
✅ Form cleared
📝 Submitting registration form...
🌐 URL changed from http://localhost:4200/#/auth/register to http://localhost:4200/#/auth/register
Submission Result: {
  isSuccess: [33mfalse[39m,
  hasValidationErrors: [33mtrue[39m,
  hasServerError: [33mtrue[39m,
  validationErrors: {
    general: [
      [32m'The "" scheme is not supported; supported schemes for mailer "smtp" are: "smtp", "smtps".\r\n'[39m +
        [32m'Symfony\\Component\\Mailer\\Exception\\UnsupportedSchemeException\r\n'[39m +
        [32m'/var/www/vendor/symfony/mailer/Transport/Smtp/EsmtpTransportFactory.php\r\n'[39m +
        [32m'28\r\n'[39m +
        [32m'[object Object],[object Object],[object Object],[object Object],[object Object],[object Object],[object Object],[object Object],[object Object],[object Object],[object Object],[object Object],[object Object],[object Object],[object Object],[object Object],[object Object],[object Object],[object Object],[object Object],[object Object],[object Object],[object Object],[object Object],[object Object],[object Object],[object Object],[object Object],[object Object],[object Object],[object Object],[object Object],[object Object],[object Object],[object Object],[object Object],[object Object]'[39m
    ]
  },
  serverError: [32m'The "" scheme is not supported; supported schemes for mailer "smtp" are: "smtp", "smtps".\r\n'[39m +
    [32m'Symfony\\Component\\Mailer\\Exception\\UnsupportedSchemeException\r\n'[39m +
    [32m'/var/www/vendor/symfony/mailer/Transport/Smtp/EsmtpTransportFactory.php\r\n'[39m +
    [32m'28\r\n'[39m +
    [32m'[object Object],[object Object],[object Object],[object Object],[object Object],[object Object],[object Object],[object Object],[object Object],[object Object],[object Object],[object Object],[object Object],[object Object],[object Object],[object Object],[object Object],[object Object],[object Object],[object Object],[object Object],[object Object],[object Object],[object Object],[object Object],[object Object],[object Object],[object Object],[object Object],[object Object],[object Object],[object Object],[object Object],[object Object],[object Object],[object Object],[object Object] '[39m,
  currentUrl: [32m'http://localhost:4200/#/auth/register'[39m,
  redirected: [33mfalse[39m
}
⚠️ Registration failed with validation errors: {
  general: [
    [32m'The "" scheme is not supported; supported schemes for mailer "smtp" are: "smtp", "smtps".\r\n'[39m +
      [32m'Symfony\\Component\\Mailer\\Exception\\UnsupportedSchemeException\r\n'[39m +
      [32m'/var/www/vendor/symfony/mailer/Transport/Smtp/EsmtpTransportFactory.php\r\n'[39m +
      [32m'28\r\n'[39m +
      [32m'[object Object],[object Object],[object Object],[object Object],[object Object],[object Object],[object Object],[object Object],[object Object],[object Object],[object Object],[object Object],[object Object],[object Object],[object Object],[object Object],[object Object],[object Object],[object Object],[object Object],[object Object],[object Object],[object Object],[object Object],[object Object],[object Object],[object Object],[object Object],[object Object],[object Object],[object Object],[object Object],[object Object],[object Object],[object Object],[object Object],[object Object]'[39m
  ]
}
✅ Test REG-BVA-03 completed in 3416ms
]]>
      </system-out>
    </testcase>
    <testcase name="Registration Feature - Data Driven Tests › Registration Test - REG-BVA-04" classname="registration.spec.ts" time="5.249">
      <system-out>
        <![CDATA[
╔══════ Executing Test Case: REG-BVA-04 ══════╗
║ Test Data: {
  "TestCaseID": "REG-BVA-04",
  "FirstName": "AAAAAAAAAAAAAAAAAAAAAAAAAAAAAAAAAAAAAAAAAAAAAAAAAAAAAAAAAAAAAAAAAAAAAAAAAAAAAAAAAAAAAAAAAAAAAAAAAAAAAAAAAAAAAAAAAAAAAAAAAAAAAAAAAAAAAAAAAAAAAAAAAAAAAAAAAAAAAAAAAAAAAAAAAAAAAAAAAAAAAAAAAAAAAAAAAAAAAAAAAAAAAAAAAAAAAAAAAAAAAAAAAAAAAAAAAAAAAAAAAAAAAAAAAAAAAA",
  "LastName": "Smith",
  "DOB": "1/1/1990",
  "Street": "123 A St.",
  "City": "HCM",
  "State": "HCM",
  "Country": "Viet Nam",
  "PostalCode": "70000",
  "Phone": "123456789",
  "Email": "user@example.com",
  "Password": "Ab1@345678"
}
╚═══════════════════════════════════════════════════════╝
🧹 Clearing registration form...
✅ Form cleared
📝 Submitting registration form...
🌐 URL changed from http://localhost:4200/#/auth/register to http://localhost:4200/#/auth/register
Submission Result: {
  isSuccess: [33mfalse[39m,
  hasValidationErrors: [33mtrue[39m,
  hasServerError: [33mtrue[39m,
  validationErrors: {
    general: [ [32m'The first name field must not be greater than 40 characters.'[39m ]
  },
  serverError: [32m'The first name field must not be greater than 40 characters. '[39m,
  currentUrl: [32m'http://localhost:4200/#/auth/register'[39m,
  redirected: [33mfalse[39m
}
⚠️ Registration failed with validation errors: {
  general: [ [32m'The first name field must not be greater than 40 characters.'[39m ]
}
✅ Test REG-BVA-04 completed in 3427ms
]]>
      </system-out>
    </testcase>
    <testcase name="Registration Feature - Data Driven Tests › Registration Test - REG-BVA-05" classname="registration.spec.ts" time="5.74">
      <system-out>
        <![CDATA[
╔══════ Executing Test Case: REG-BVA-05 ══════╗
║ Test Data: {
  "TestCaseID": "REG-BVA-05",
  "FirstName": "AAAAAAAAAAAAAAAAAAAAAAAAAAAAAAAAAAAAAAAAAAAAAAAAAAAAAAAAAAAAAAAAAAAAAAAAAAAAAAAAAAAAAAAAAAAAAAAAAAAAAAAAAAAAAAAAAAAAAAAAAAAAAAAAAAAAAAAAAAAAAAAAAAAAAAAAAAAAAAAAAAAAAAAAAAAAAAAAAAAAAAAAAAAAAAAAAAAAAAAAAAAAAAAAAAAAAAAAAAAAAAAAAAAAAAAAAAAAAAAAAAAAAAAAAAAAAAA",
  "LastName": "Smith",
  "DOB": "1/1/1990",
  "Street": "123 A St.",
  "City": "HCM",
  "State": "HCM",
  "Country": "Viet Nam",
  "PostalCode": "70000",
  "Phone": "123456789",
  "Email": "user@example.com",
  "Password": "Ab1@345678"
}
╚═══════════════════════════════════════════════════════╝
🧹 Clearing registration form...
✅ Form cleared
📝 Submitting registration form...
🌐 URL changed from http://localhost:4200/#/auth/register to http://localhost:4200/#/auth/register
Submission Result: {
  isSuccess: [33mfalse[39m,
  hasValidationErrors: [33mtrue[39m,
  hasServerError: [33mtrue[39m,
  validationErrors: {
    general: [ [32m'The first name field must not be greater than 40 characters.'[39m ]
  },
  serverError: [32m'The first name field must not be greater than 40 characters. '[39m,
  currentUrl: [32m'http://localhost:4200/#/auth/register'[39m,
  redirected: [33mfalse[39m
}
⚠️ Registration failed with validation errors: {
  general: [ [32m'The first name field must not be greater than 40 characters.'[39m ]
}
✅ Test REG-BVA-05 completed in 3634ms
]]>
      </system-out>
    </testcase>
    <testcase name="Registration Feature - Data Driven Tests › Registration Test - REG-BVA-07" classname="registration.spec.ts" time="5.703">
      <system-out>
        <![CDATA[
╔══════ Executing Test Case: REG-BVA-07 ══════╗
║ Test Data: {
  "TestCaseID": "REG-BVA-07",
  "FirstName": "Nguyen",
  "LastName": "",
  "DOB": "1/1/1990",
  "Street": "123 A St.",
  "City": "HCM",
  "State": "HCM",
  "Country": "Viet Nam",
  "PostalCode": "70000",
  "Phone": "123456789",
  "Email": "user@example.com",
  "Password": "Ab1@345678"
}
╚═══════════════════════════════════════════════════════╝
🧹 Clearing registration form...
✅ Form cleared
📝 Submitting registration form...
🌐 URL changed from http://localhost:4200/#/auth/register to http://localhost:4200/#/auth/register
Submission Result: {
  isSuccess: [33mfalse[39m,
  hasValidationErrors: [33mtrue[39m,
  hasServerError: [33mtrue[39m,
  validationErrors: { lastName: [ [32m'Last name is required.'[39m ] },
  serverError: [32m'Last name is required.'[39m,
  currentUrl: [32m'http://localhost:4200/#/auth/register'[39m,
  redirected: [33mfalse[39m
}
⚠️ Registration failed with validation errors: { lastName: [ [32m'Last name is required.'[39m ] }
✅ Test REG-BVA-07 completed in 3739ms
]]>
      </system-out>
    </testcase>
    <testcase name="Registration Feature - Data Driven Tests › Registration Test - REG-BVA-08" classname="registration.spec.ts" time="5.896">
      <system-out>
        <![CDATA[
╔══════ Executing Test Case: REG-BVA-08 ══════╗
║ Test Data: {
  "TestCaseID": "REG-BVA-08",
  "FirstName": "Nguyen",
  "LastName": "B",
  "DOB": "1/1/1990",
  "Street": "123 A St.",
  "City": "HCM",
  "State": "HCM",
  "Country": "Viet Nam",
  "PostalCode": "70000",
  "Phone": "123456789",
  "Email": "user@example.com",
  "Password": "Ab1@345678"
}
╚═══════════════════════════════════════════════════════╝
🧹 Clearing registration form...
✅ Form cleared
📝 Submitting registration form...
🌐 URL changed from http://localhost:4200/#/auth/register to http://localhost:4200/#/auth/register
Submission Result: {
  isSuccess: [33mfalse[39m,
  hasValidationErrors: [33mtrue[39m,
  hasServerError: [33mtrue[39m,
  validationErrors: {
    general: [
      [32m'The "" scheme is not supported; supported schemes for mailer "smtp" are: "smtp", "smtps".\r\n'[39m +
        [32m'Symfony\\Component\\Mailer\\Exception\\UnsupportedSchemeException\r\n'[39m +
        [32m'/var/www/vendor/symfony/mailer/Transport/Smtp/EsmtpTransportFactory.php\r\n'[39m +
        [32m'28\r\n'[39m +
        [32m'[object Object],[object Object],[object Object],[object Object],[object Object],[object Object],[object Object],[object Object],[object Object],[object Object],[object Object],[object Object],[object Object],[object Object],[object Object],[object Object],[object Object],[object Object],[object Object],[object Object],[object Object],[object Object],[object Object],[object Object],[object Object],[object Object],[object Object],[object Object],[object Object],[object Object],[object Object],[object Object],[object Object],[object Object],[object Object],[object Object],[object Object]'[39m
    ]
  },
  serverError: [32m'The "" scheme is not supported; supported schemes for mailer "smtp" are: "smtp", "smtps".\r\n'[39m +
    [32m'Symfony\\Component\\Mailer\\Exception\\UnsupportedSchemeException\r\n'[39m +
    [32m'/var/www/vendor/symfony/mailer/Transport/Smtp/EsmtpTransportFactory.php\r\n'[39m +
    [32m'28\r\n'[39m +
    [32m'[object Object],[object Object],[object Object],[object Object],[object Object],[object Object],[object Object],[object Object],[object Object],[object Object],[object Object],[object Object],[object Object],[object Object],[object Object],[object Object],[object Object],[object Object],[object Object],[object Object],[object Object],[object Object],[object Object],[object Object],[object Object],[object Object],[object Object],[object Object],[object Object],[object Object],[object Object],[object Object],[object Object],[object Object],[object Object],[object Object],[object Object] '[39m,
  currentUrl: [32m'http://localhost:4200/#/auth/register'[39m,
  redirected: [33mfalse[39m
}
⚠️ Registration failed with validation errors: {
  general: [
    [32m'The "" scheme is not supported; supported schemes for mailer "smtp" are: "smtp", "smtps".\r\n'[39m +
      [32m'Symfony\\Component\\Mailer\\Exception\\UnsupportedSchemeException\r\n'[39m +
      [32m'/var/www/vendor/symfony/mailer/Transport/Smtp/EsmtpTransportFactory.php\r\n'[39m +
      [32m'28\r\n'[39m +
      [32m'[object Object],[object Object],[object Object],[object Object],[object Object],[object Object],[object Object],[object Object],[object Object],[object Object],[object Object],[object Object],[object Object],[object Object],[object Object],[object Object],[object Object],[object Object],[object Object],[object Object],[object Object],[object Object],[object Object],[object Object],[object Object],[object Object],[object Object],[object Object],[object Object],[object Object],[object Object],[object Object],[object Object],[object Object],[object Object],[object Object],[object Object]'[39m
  ]
}
✅ Test REG-BVA-08 completed in 3703ms
]]>
      </system-out>
    </testcase>
    <testcase name="Registration Feature - Data Driven Tests › Registration Test - REG-BVA-09" classname="registration.spec.ts" time="5.71">
      <system-out>
        <![CDATA[
╔══════ Executing Test Case: REG-BVA-09 ══════╗
║ Test Data: {
  "TestCaseID": "REG-BVA-09",
  "FirstName": "Nguyen",
  "LastName": "BC",
  "DOB": "1/1/1990",
  "Street": "123 A St.",
  "City": "HCM",
  "State": "HCM",
  "Country": "Viet Nam",
  "PostalCode": "70000",
  "Phone": "123456789",
  "Email": "user@example.com",
  "Password": "Ab1@345678"
}
╚═══════════════════════════════════════════════════════╝
🧹 Clearing registration form...
✅ Form cleared
📝 Submitting registration form...
🌐 URL changed from http://localhost:4200/#/auth/register to http://localhost:4200/#/auth/register
Submission Result: {
  isSuccess: [33mfalse[39m,
  hasValidationErrors: [33mtrue[39m,
  hasServerError: [33mtrue[39m,
  validationErrors: {
    general: [
      [32m'The "" scheme is not supported; supported schemes for mailer "smtp" are: "smtp", "smtps".\r\n'[39m +
        [32m'Symfony\\Component\\Mailer\\Exception\\UnsupportedSchemeException\r\n'[39m +
        [32m'/var/www/vendor/symfony/mailer/Transport/Smtp/EsmtpTransportFactory.php\r\n'[39m +
        [32m'28\r\n'[39m +
        [32m'[object Object],[object Object],[object Object],[object Object],[object Object],[object Object],[object Object],[object Object],[object Object],[object Object],[object Object],[object Object],[object Object],[object Object],[object Object],[object Object],[object Object],[object Object],[object Object],[object Object],[object Object],[object Object],[object Object],[object Object],[object Object],[object Object],[object Object],[object Object],[object Object],[object Object],[object Object],[object Object],[object Object],[object Object],[object Object],[object Object],[object Object]'[39m
    ]
  },
  serverError: [32m'The "" scheme is not supported; supported schemes for mailer "smtp" are: "smtp", "smtps".\r\n'[39m +
    [32m'Symfony\\Component\\Mailer\\Exception\\UnsupportedSchemeException\r\n'[39m +
    [32m'/var/www/vendor/symfony/mailer/Transport/Smtp/EsmtpTransportFactory.php\r\n'[39m +
    [32m'28\r\n'[39m +
    [32m'[object Object],[object Object],[object Object],[object Object],[object Object],[object Object],[object Object],[object Object],[object Object],[object Object],[object Object],[object Object],[object Object],[object Object],[object Object],[object Object],[object Object],[object Object],[object Object],[object Object],[object Object],[object Object],[object Object],[object Object],[object Object],[object Object],[object Object],[object Object],[object Object],[object Object],[object Object],[object Object],[object Object],[object Object],[object Object],[object Object],[object Object] '[39m,
  currentUrl: [32m'http://localhost:4200/#/auth/register'[39m,
  redirected: [33mfalse[39m
}
⚠️ Registration failed with validation errors: {
  general: [
    [32m'The "" scheme is not supported; supported schemes for mailer "smtp" are: "smtp", "smtps".\r\n'[39m +
      [32m'Symfony\\Component\\Mailer\\Exception\\UnsupportedSchemeException\r\n'[39m +
      [32m'/var/www/vendor/symfony/mailer/Transport/Smtp/EsmtpTransportFactory.php\r\n'[39m +
      [32m'28\r\n'[39m +
      [32m'[object Object],[object Object],[object Object],[object Object],[object Object],[object Object],[object Object],[object Object],[object Object],[object Object],[object Object],[object Object],[object Object],[object Object],[object Object],[object Object],[object Object],[object Object],[object Object],[object Object],[object Object],[object Object],[object Object],[object Object],[object Object],[object Object],[object Object],[object Object],[object Object],[object Object],[object Object],[object Object],[object Object],[object Object],[object Object],[object Object],[object Object]'[39m
  ]
}
✅ Test REG-BVA-09 completed in 3703ms
]]>
      </system-out>
    </testcase>
    <testcase name="Registration Feature - Data Driven Tests › Registration Test - REG-BVA-10" classname="registration.spec.ts" time="5.745">
      <system-out>
        <![CDATA[
╔══════ Executing Test Case: REG-BVA-10 ══════╗
║ Test Data: {
  "TestCaseID": "REG-BVA-10",
  "FirstName": "Nguyen",
  "LastName": "BBBBBBBBBBBBBBBBBBBBBBBBBBBBBBBBBBBBBBBBBBBBBBBBBBBBBBBBBBBBBBBBBBBBBBBBBBBBBBBBBBBBBBBBBBBBBBBBBBBBBBBBBBBBBBBBBBBBBBBBBBBBBBBBBBBBBBBBBBBBBBBBBBBBBBBBBBBBBBBBBBBBBBBBBBBBBBBBBBBBBBBBBBBBBBBBBBBBBBBBBBBBBBBBBBBBBBBBBBBBBBBBBBBBBBBBBBBBBBBBBBBBBBBBBBBBBB",
  "DOB": "1/1/1990",
  "Street": "123 A St.",
  "City": "HCM",
  "State": "HCM",
  "Country": "Viet Nam",
  "PostalCode": "70000",
  "Phone": "123456789",
  "Email": "user@example.com",
  "Password": "Ab1@345678"
}
╚═══════════════════════════════════════════════════════╝
🧹 Clearing registration form...
✅ Form cleared
📝 Submitting registration form...
🌐 URL changed from http://localhost:4200/#/auth/register to http://localhost:4200/#/auth/register
Submission Result: {
  isSuccess: [33mfalse[39m,
  hasValidationErrors: [33mtrue[39m,
  hasServerError: [33mtrue[39m,
  validationErrors: {
    general: [ [32m'The last name field must not be greater than 20 characters.'[39m ]
  },
  serverError: [32m'The last name field must not be greater than 20 characters. '[39m,
  currentUrl: [32m'http://localhost:4200/#/auth/register'[39m,
  redirected: [33mfalse[39m
}
⚠️ Registration failed with validation errors: {
  general: [ [32m'The last name field must not be greater than 20 characters.'[39m ]
}
✅ Test REG-BVA-10 completed in 3690ms
]]>
      </system-out>
    </testcase>
    <testcase name="Registration Feature - Data Driven Tests › Registration Test - REG-BVA-11" classname="registration.spec.ts" time="4.535">
      <system-out>
        <![CDATA[
╔══════ Executing Test Case: REG-BVA-11 ══════╗
║ Test Data: {
  "TestCaseID": "REG-BVA-11",
  "FirstName": "Nguyen",
  "LastName": "BBBBBBBBBBBBBBBBBBBBBBBBBBBBBBBBBBBBBBBBBBBBBBBBBBBBBBBBBBBBBBBBBBBBBBBBBBBBBBBBBBBBBBBBBBBBBBBBBBBBBBBBBBBBBBBBBBBBBBBBBBBBBBBBBBBBBBBBBBBBBBBBBBBBBBBBBBBBBBBBBBBBBBBBBBBBBBBBBBBBBBBBBBBBBBBBBBBBBBBBBBBBBBBBBBBBBBBBBBBBBBBBBBBBBBBBBBBBBBBBBBBBBBBBBBBBBBB",
  "DOB": "1/1/1990",
  "Street": "123 A St.",
  "City": "HCM",
  "State": "HCM",
  "Country": "Viet Nam",
  "PostalCode": "70000",
  "Phone": "123456789",
  "Email": "user@example.com",
  "Password": "Ab1@345678"
}
╚═══════════════════════════════════════════════════════╝
🧹 Clearing registration form...
✅ Form cleared
📝 Submitting registration form...
🌐 URL changed from http://localhost:4200/#/auth/register to http://localhost:4200/#/auth/register
Submission Result: {
  isSuccess: [33mfalse[39m,
  hasValidationErrors: [33mtrue[39m,
  hasServerError: [33mtrue[39m,
  validationErrors: {
    general: [ [32m'The last name field must not be greater than 20 characters.'[39m ]
  },
  serverError: [32m'The last name field must not be greater than 20 characters. '[39m,
  currentUrl: [32m'http://localhost:4200/#/auth/register'[39m,
  redirected: [33mfalse[39m
}
⚠️ Registration failed with validation errors: {
  general: [ [32m'The last name field must not be greater than 20 characters.'[39m ]
}
✅ Test REG-BVA-11 completed in 3098ms
]]>
      </system-out>
    </testcase>
    <testcase name="Registration Feature - Data Driven Tests › Registration Test - REG-BVA-12" classname="registration.spec.ts" time="4.717">
      <system-out>
        <![CDATA[
╔══════ Executing Test Case: REG-BVA-12 ══════╗
║ Test Data: {
  "TestCaseID": "REG-BVA-12",
  "FirstName": "Nguyen",
  "LastName": "BBBBBBBBBBBBBBBBBBBBBBBBBBBBBBBBBBBBBBBBBBBBBBBBBBBBBBBBBBBBBBBBBBBBBBBBBBBBBBBBBBBBBBBBBBBBBBBBBBBBBBBBBBBBBBBBBBBBBBBBBBBBBBBBBBBBBBBBBBBBBBBBBBBBBBBBBBBBBBBBBBBBBBBBBBBBBBBBBBBBBBBBBBBBBBBBBBBBBBBBBBBBBBBBBBBBBBBBBBBBBBBBBBBBBBBBBBBBBBBBBBBBBBBBBBBBBBBB",
  "DOB": "1/1/1990",
  "Street": "123 A St.",
  "City": "HCM",
  "State": "HCM",
  "Country": "Viet Nam",
  "PostalCode": "70000",
  "Phone": "123456789",
  "Email": "user@example.com",
  "Password": "Ab1@345678"
}
╚═══════════════════════════════════════════════════════╝
🧹 Clearing registration form...
✅ Form cleared
📝 Submitting registration form...
🌐 URL changed from http://localhost:4200/#/auth/register to http://localhost:4200/#/auth/register
Submission Result: {
  isSuccess: [33mfalse[39m,
  hasValidationErrors: [33mtrue[39m,
  hasServerError: [33mtrue[39m,
  validationErrors: {
    general: [ [32m'The last name field must not be greater than 20 characters.'[39m ]
  },
  serverError: [32m'The last name field must not be greater than 20 characters. '[39m,
  currentUrl: [32m'http://localhost:4200/#/auth/register'[39m,
  redirected: [33mfalse[39m
}
⚠️ Registration failed with validation errors: {
  general: [ [32m'The last name field must not be greater than 20 characters.'[39m ]
}
✅ Test REG-BVA-12 completed in 3100ms
]]>
      </system-out>
    </testcase>
    <testcase name="Registration Feature - Data Driven Tests › Registration Test - REG-BVA-13" classname="registration.spec.ts" time="4.898">
      <system-out>
        <![CDATA[
╔══════ Executing Test Case: REG-BVA-13 ══════╗
║ Test Data: {
  "TestCaseID": "REG-BVA-13",
  "FirstName": "Nguyen",
  "LastName": "Smith",
  "DOB": "6/9/2025",
  "Street": "123 A St.",
  "City": "HCM",
  "State": "HCM",
  "Country": "Viet Nam",
  "PostalCode": "70000",
  "Phone": "123456789",
  "Email": "user@example.com",
  "Password": "Ab1@345678"
}
╚═══════════════════════════════════════════════════════╝
🧹 Clearing registration form...
✅ Form cleared
📝 Submitting registration form...
🌐 URL changed from http://localhost:4200/#/auth/register to http://localhost:4200/#/auth/register
Submission Result: {
  isSuccess: [33mfalse[39m,
  hasValidationErrors: [33mtrue[39m,
  hasServerError: [33mtrue[39m,
  validationErrors: { general: [ [32m'Customer must be 18 years old.'[39m ] },
  serverError: [32m'Customer must be 18 years old. '[39m,
  currentUrl: [32m'http://localhost:4200/#/auth/register'[39m,
  redirected: [33mfalse[39m
}
⚠️ Registration failed with validation errors: { general: [ [32m'Customer must be 18 years old.'[39m ] }
✅ Test REG-BVA-13 completed in 3226ms
]]>
      </system-out>
    </testcase>
    <testcase name="Registration Feature - Data Driven Tests › Registration Test - REG-BVA-14" classname="registration.spec.ts" time="4.819">
      <system-out>
        <![CDATA[
╔══════ Executing Test Case: REG-BVA-14 ══════╗
║ Test Data: {
  "TestCaseID": "REG-BVA-14",
  "FirstName": "Nguyen",
[...]
  "Email": "user@example.com",
  "Password": "Ab1@345678"
}
╚═══════════════════════════════════════════════════════╝
🧹 Clearing registration form...
✅ Form cleared
📝 Submitting registration form...
🌐 URL changed from http://localhost:4200/#/auth/register to http://localhost:4200/#/auth/register
Submission Result: {
  isSuccess: [33mfalse[39m,
  hasValidationErrors: [33mtrue[39m,
  hasServerError: [33mtrue[39m,
  validationErrors: {
    general: [
      [32m'The "" scheme is not supported; supported schemes for mailer "smtp" are: "smtp", "smtps".\r\n'[39m +
        [32m'Symfony\\Component\\Mailer\\Exception\\UnsupportedSchemeException\r\n'[39m +
        [32m'/var/www/vendor/symfony/mailer/Transport/Smtp/EsmtpTransportFactory.php\r\n'[39m +
        [32m'28\r\n'[39m +
        [32m'[object Object],[object Object],[object Object],[object Object],[object Object],[object Object],[object Object],[object Object],[object Object],[object Object],[object Object],[object Object],[object Object],[object Object],[object Object],[object Object],[object Object],[object Object],[object Object],[object Object],[object Object],[object Object],[object Object],[object Object],[object Object],[object Object],[object Object],[object Object],[object Object],[object Object],[object Object],[object Object],[object Object],[object Object],[object Object],[object Object],[object Object]'[39m
    ]
  },
  serverError: [32m'The "" scheme is not supported; supported schemes for mailer "smtp" are: "smtp", "smtps".\r\n'[39m +
    [32m'Symfony\\Component\\Mailer\\Exception\\UnsupportedSchemeException\r\n'[39m +
    [32m'/var/www/vendor/symfony/mailer/Transport/Smtp/EsmtpTransportFactory.php\r\n'[39m +
    [32m'28\r\n'[39m +
    [32m'[object Object],[object Object],[object Object],[object Object],[object Object],[object Object],[object Object],[object Object],[object Object],[object Object],[object Object],[object Object],[object Object],[object Object],[object Object],[object Object],[object Object],[object Object],[object Object],[object Object],[object Object],[object Object],[object Object],[object Object],[object Object],[object Object],[object Object],[object Object],[object Object],[object Object],[object Object],[object Object],[object Object],[object Object],[object Object],[object Object],[object Object] '[39m,
  currentUrl: [32m'http://localhost:4200/#/auth/register'[39m,
  redirected: [33mfalse[39m
}
⚠️ Registration failed with validation errors: {
  general: [
    [32m'The "" scheme is not supported; supported schemes for mailer "smtp" are: "smtp", "smtps".\r\n'[39m +
      [32m'Symfony\\Component\\Mailer\\Exception\\UnsupportedSchemeException\r\n'[39m +
      [32m'/var/www/vendor/symfony/mailer/Transport/Smtp/EsmtpTransportFactory.php\r\n'[39m +
      [32m'28\r\n'[39m +
      [32m'[object Object],[object Object],[object Object],[object Object],[object Object],[object Object],[object Object],[object Object],[object Object],[object Object],[object Object],[object Object],[object Object],[object Object],[object Object],[object Object],[object Object],[object Object],[object Object],[object Object],[object Object],[object Object],[object Object],[object Object],[object Object],[object Object],[object Object],[object Object],[object Object],[object Object],[object Object],[object Object],[object Object],[object Object],[object Object],[object Object],[object Object]'[39m
  ]
}
✅ Test REG-BVA-19 completed in 3416ms
]]>
      </system-out>
    </testcase>
    <testcase name="Registration Feature - Data Driven Tests › Registration Test - REG-BVA-20" classname="registration.spec.ts" time="5.323">
      <system-out>
        <![CDATA[
╔══════ Executing Test Case: REG-BVA-20 ══════╗
║ Test Data: {
  "TestCaseID": "REG-BVA-20",
  "FirstName": "Nguyen",
  "LastName": "Smith",
  "DOB": "1/1/1990",
  "Street": "123 A St.",
  "City": "HCM",
  "State": "HCM",
  "Country": "Viet Nam",
  "PostalCode": "70000",
  "Phone": "1234567890",
  "Email": "user@example.com",
  "Password": "Ab1@345678"
}
╚═══════════════════════════════════════════════════════╝
🧹 Clearing registration form...
✅ Form cleared
📝 Submitting registration form...
🌐 URL changed from http://localhost:4200/#/auth/register to http://localhost:4200/#/auth/register
Submission Result: {
  isSuccess: [33mfalse[39m,
  hasValidationErrors: [33mtrue[39m,
  hasServerError: [33mtrue[39m,
  validationErrors: {
    general: [
      [32m'The "" scheme is not supported; supported schemes for mailer "smtp" are: "smtp", "smtps".\r\n'[39m +
        [32m'Symfony\\Component\\Mailer\\Exception\\UnsupportedSchemeException\r\n'[39m +
        [32m'/var/www/vendor/symfony/mailer/Transport/Smtp/EsmtpTransportFactory.php\r\n'[39m +
        [32m'28\r\n'[39m +
        [32m'[object Object],[object Object],[object Object],[object Object],[object Object],[object Object],[object Object],[object Object],[object Object],[object Object],[object Object],[object Object],[object Object],[object Object],[object Object],[object Object],[object Object],[object Object],[object Object],[object Object],[object Object],[object Object],[object Object],[object Object],[object Object],[object Object],[object Object],[object Object],[object Object],[object Object],[object Object],[object Object],[object Object],[object Object],[object Object],[object Object],[object Object]'[39m
    ]
  },
  serverError: [32m'The "" scheme is not supported; supported schemes for mailer "smtp" are: "smtp", "smtps".\r\n'[39m +
    [32m'Symfony\\Component\\Mailer\\Exception\\UnsupportedSchemeException\r\n'[39m +
    [32m'/var/www/vendor/symfony/mailer/Transport/Smtp/EsmtpTransportFactory.php\r\n'[39m +
    [32m'28\r\n'[39m +
    [32m'[object Object],[object Object],[object Object],[object Object],[object Object],[object Object],[object Object],[object Object],[object Object],[object Object],[object Object],[object Object],[object Object],[object Object],[object Object],[object Object],[object Object],[object Object],[object Object],[object Object],[object Object],[object Object],[object Object],[object Object],[object Object],[object Object],[object Object],[object Object],[object Object],[object Object],[object Object],[object Object],[object Object],[object Object],[object Object],[object Object],[object Object] '[39m,
  currentUrl: [32m'http://localhost:4200/#/auth/register'[39m,
  redirected: [33mfalse[39m
}
⚠️ Registration failed with validation errors: {
  general: [
    [32m'The "" scheme is not supported; supported schemes for mailer "smtp" are: "smtp", "smtps".\r\n'[39m +
      [32m'Symfony\\Component\\Mailer\\Exception\\UnsupportedSchemeException\r\n'[39m +
      [32m'/var/www/vendor/symfony/mailer/Transport/Smtp/EsmtpTransportFactory.php\r\n'[39m +
      [32m'28\r\n'[39m +
      [32m'[object Object],[object Object],[object Object],[object Object],[object Object],[object Object],[object Object],[object Object],[object Object],[object Object],[object Object],[object Object],[object Object],[object Object],[object Object],[object Object],[object Object],[object Object],[object Object],[object Object],[object Object],[object Object],[object Object],[object Object],[object Object],[object Object],[object Object],[object Object],[object Object],[object Object],[object Object],[object Object],[object Object],[object Object],[object Object],[object Object],[object Object]'[39m
  ]
}
✅ Test REG-BVA-20 completed in 3471ms
]]>
      </system-out>
    </testcase>
    <testcase name="Registration Feature - Data Driven Tests › Registration Test - REG-BVA-22" classname="registration.spec.ts" time="5.505">
      <system-out>
        <![CDATA[
╔══════ Executing Test Case: REG-BVA-22 ══════╗
║ Test Data: {
  "TestCaseID": "REG-BVA-22",
  "FirstName": "Nguyen",
  "LastName": "Smith",
  "DOB": "1/1/1990",
  "Street": "123 A St.",
  "City": "HCM",
  "State": "HCM",
  "Country": "Viet Nam",
  "PostalCode": "70000",
  "Phone": "123456789",
  "Email": "user@example.com",
  "Password": "Ab1@345678"
}
╚═══════════════════════════════════════════════════════╝
🧹 Clearing registration form...
✅ Form cleared
📝 Submitting registration form...
🌐 URL changed from http://localhost:4200/#/auth/register to http://localhost:4200/#/auth/register
Submission Result: {
  isSuccess: [33mfalse[39m,
  hasValidationErrors: [33mtrue[39m,
  hasServerError: [33mtrue[39m,
  validationErrors: {
    general: [
      [32m'The "" scheme is not supported; supported schemes for mailer "smtp" are: "smtp", "smtps".\r\n'[39m +
        [32m'Symfony\\Component\\Mailer\\Exception\\UnsupportedSchemeException\r\n'[39m +
        [32m'/var/www/vendor/symfony/mailer/Transport/Smtp/EsmtpTransportFactory.php\r\n'[39m +
        [32m'28\r\n'[39m +
        [32m'[object Object],[object Object],[object Object],[object Object],[object Object],[object Object],[object Object],[object Object],[object Object],[object Object],[object Object],[object Object],[object Object],[object Object],[object Object],[object Object],[object Object],[object Object],[object Object],[object Object],[object Object],[object Object],[object Object],[object Object],[object Object],[object Object],[object Object],[object Object],[object Object],[object Object],[object Object],[object Object],[object Object],[object Object],[object Object],[object Object],[object Object]'[39m
    ]
  },
  serverError: [32m'The "" scheme is not supported; supported schemes for mailer "smtp" are: "smtp", "smtps".\r\n'[39m +
    [32m'Symfony\\Component\\Mailer\\Exception\\UnsupportedSchemeException\r\n'[39m +
    [32m'/var/www/vendor/symfony/mailer/Transport/Smtp/EsmtpTransportFactory.php\r\n'[39m +
    [32m'28\r\n'[39m +
    [32m'[object Object],[object Object],[object Object],[object Object],[object Object],[object Object],[object Object],[object Object],[object Object],[object Object],[object Object],[object Object],[object Object],[object Object],[object Object],[object Object],[object Object],[object Object],[object Object],[object Object],[object Object],[object Object],[object Object],[object Object],[object Object],[object Object],[object Object],[object Object],[object Object],[object Object],[object Object],[object Object],[object Object],[object Object],[object Object],[object Object],[object Object] '[39m,
  currentUrl: [32m'http://localhost:4200/#/auth/register'[39m,
  redirected: [33mfalse[39m
}
⚠️ Registration failed with validation errors: {
  general: [
    [32m'The "" scheme is not supported; supported schemes for mailer "smtp" are: "smtp", "smtps".\r\n'[39m +
      [32m'Symfony\\Component\\Mailer\\Exception\\UnsupportedSchemeException\r\n'[39m +
      [32m'/var/www/vendor/symfony/mailer/Transport/Smtp/EsmtpTransportFactory.php\r\n'[39m +
      [32m'28\r\n'[39m +
      [32m'[object Object],[object Object],[object Object],[object Object],[object Object],[object Object],[object Object],[object Object],[object Object],[object Object],[object Object],[object Object],[object Object],[object Object],[object Object],[object Object],[object Object],[object Object],[object Object],[object Object],[object Object],[object Object],[object Object],[object Object],[object Object],[object Object],[object Object],[object Object],[object Object],[object Object],[object Object],[object Object],[object Object],[object Object],[object Object],[object Object],[object Object]'[39m
  ]
}
✅ Test REG-BVA-22 completed in 3626ms
]]>
      </system-out>
    </testcase>
    <testcase name="Registration Feature - Data Driven Tests › Registration Test - REG-BVA-23" classname="registration.spec.ts" time="5.315">
      <system-out>
        <![CDATA[
╔══════ Executing Test Case: REG-BVA-23 ══════╗
║ Test Data: {
  "TestCaseID": "REG-BVA-23",
  "FirstName": "Nguyen",
  "LastName": "Smith",
  "DOB": "1/1/1990",
  "Street": "123 A St.",
  "City": "HCM",
  "State": "HCM",
  "Country": "Viet Nam",
  "PostalCode": "70000",
  "Phone": "123456789",
  "Email": "user@example.com",
  "Password": "Ab1@345678"
}
╚═══════════════════════════════════════════════════════╝
🧹 Clearing registration form...
✅ Form cleared
📝 Submitting registration form...
🌐 URL changed from http://localhost:4200/#/auth/register to http://localhost:4200/#/auth/register
Submission Result: {
  isSuccess: [33mfalse[39m,
  hasValidationErrors: [33mtrue[39m,
  hasServerError: [33mtrue[39m,
  validationErrors: {
    general: [
      [32m'The "" scheme is not supported; supported schemes for mailer "smtp" are: "smtp", "smtps".\r\n'[39m +
        [32m'Symfony\\Component\\Mailer\\Exception\\UnsupportedSchemeException\r\n'[39m +
        [32m'/var/www/vendor/symfony/mailer/Transport/Smtp/EsmtpTransportFactory.php\r\n'[39m +
        [32m'28\r\n'[39m +
        [32m'[object Object],[object Object],[object Object],[object Object],[object Object],[object Object],[object Object],[object Object],[object Object],[object Object],[object Object],[object Object],[object Object],[object Object],[object Object],[object Object],[object Object],[object Object],[object Object],[object Object],[object Object],[object Object],[object Object],[object Object],[object Object],[object Object],[object Object],[object Object],[object Object],[object Object],[object Object],[object Object],[object Object],[object Object],[object Object],[object Object],[object Object]'[39m
    ]
  },
  serverError: [32m'The "" scheme is not supported; supported schemes for mailer "smtp" are: "smtp", "smtps".\r\n'[39m +
    [32m'Symfony\\Component\\Mailer\\Exception\\UnsupportedSchemeException\r\n'[39m +
    [32m'/var/www/vendor/symfony/mailer/Transport/Smtp/EsmtpTransportFactory.php\r\n'[39m +
    [32m'28\r\n'[39m +
    [32m'[object Object],[object Object],[object Object],[object Object],[object Object],[object Object],[object Object],[object Object],[object Object],[object Object],[object Object],[object Object],[object Object],[object Object],[object Object],[object Object],[object Object],[object Object],[object Object],[object Object],[object Object],[object Object],[object Object],[object Object],[object Object],[object Object],[object Object],[object Object],[object Object],[object Object],[object Object],[object Object],[object Object],[object Object],[object Object],[object Object],[object Object] '[39m,
  currentUrl: [32m'http://localhost:4200/#/auth/register'[39m,
  redirected: [33mfalse[39m
}
⚠️ Registration failed with validation errors: {
  general: [
    [32m'The "" scheme is not supported; supported schemes for mailer "smtp" are: "smtp", "smtps".\r\n'[39m +
      [32m'Symfony\\Component\\Mailer\\Exception\\UnsupportedSchemeException\r\n'[39m +
      [32m'/var/www/vendor/symfony/mailer/Transport/Smtp/EsmtpTransportFactory.php\r\n'[39m +
      [32m'28\r\n'[39m +
      [32m'[object Object],[object Object],[object Object],[object Object],[object Object],[object Object],[object Object],[object Object],[object Object],[object Object],[object Object],[object Object],[object Object],[object Object],[object Object],[object Object],[object Object],[object Object],[object Object],[object Object],[object Object],[object Object],[object Object],[object Object],[object Object],[object Object],[object Object],[object Object],[object Object],[object Object],[object Object],[object Object],[object Object],[object Object],[object Object],[object Object],[object Object]'[39m
  ]
}
✅ Test REG-BVA-23 completed in 3517ms
]]>
      </system-out>
    </testcase>
    <testcase name="Registration Feature - Data Driven Tests › Registration Test - REG-BVA-24" classname="registration.spec.ts" time="5.518">
      <system-out>
        <![CDATA[
╔══════ Executing Test Case: REG-BVA-24 ══════╗
║ Test Data: {
  "TestCaseID": "REG-BVA-24",
  "FirstName": "Nguyen",
  "LastName": "Smith",
  "DOB": "1/1/1990",
  "Street": "123 A St.",
  "City": "HCM",
  "State": "HCM",
  "Country": "Viet Nam",
  "PostalCode": "70000",
  "Phone": "123456789",
  "Email": "@example.com",
  "Password": "Ab1@345678"
}
╚═══════════════════════════════════════════════════════╝
🧹 Clearing registration form...
✅ Form cleared
📝 Submitting registration form...
🌐 URL changed from http://localhost:4200/#/auth/register to http://localhost:4200/#/auth/register
Submission Result: {
  isSuccess: [33mfalse[39m,
  hasValidationErrors: [33mtrue[39m,
  hasServerError: [33mtrue[39m,
  validationErrors: { email: [ [32m'E-mail format is invalid.'[39m ] },
  serverError: [32m'E-mail format is invalid.'[39m,
  currentUrl: [32m'http://localhost:4200/#/auth/register'[39m,
  redirected: [33mfalse[39m
}
⚠️ Registration failed with validation errors: { email: [ [32m'E-mail format is invalid.'[39m ] }
✅ Test REG-BVA-24 completed in 3823ms
]]>
      </system-out>
    </testcase>
    <testcase name="Registration Feature - Data Driven Tests › Registration Test - REG-BVA-25" classname="registration.spec.ts" time="4.645">
      <system-out>
        <![CDATA[
╔══════ Executing Test Case: REG-BVA-25 ══════╗
║ Test Data: {
  "TestCaseID": "REG-BVA-25",
  "FirstName": "Nguyen",
  "LastName": "Smith",
  "DOB": "1/1/1990",
  "Street": "123 A St.",
  "City": "HCM",
  "State": "HCM",
  "Country": "Viet Nam",
  "PostalCode": "70000",
  "Phone": "123456789",
  "Email": "a@b.c",
  "Password": "Ab1@345678"
}
╚═══════════════════════════════════════════════════════╝
🧹 Clearing registration form...
✅ Form cleared
📝 Submitting registration form...
🌐 URL changed from http://localhost:4200/#/auth/register to http://localhost:4200/#/auth/register
Submission Result: {
  isSuccess: [33mfalse[39m,
  hasValidationErrors: [33mtrue[39m,
  hasServerError: [33mtrue[39m,
  validationErrors: { email: [ [32m'E-mail format is invalid.'[39m ] },
  serverError: [32m'E-mail format is invalid.'[39m,
  currentUrl: [32m'http://localhost:4200/#/auth/register'[39m,
  redirected: [33mfalse[39m
}
⚠️ Registration failed with validation errors: { email: [ [32m'E-mail format is invalid.'[39m ] }
✅ Test REG-BVA-25 completed in 3059ms
]]>
      </system-out>
    </testcase>
    <testcase name="Registration Feature - Data Driven Tests › Registration Test - REG-BVA-26" classname="registration.spec.ts" time="4.607">
      <system-out>
        <![CDATA[
╔══════ Executing Test Case: REG-BVA-26 ══════╗
║ Test Data: {
  "TestCaseID": "REG-BVA-26",
  "FirstName": "Nguyen",
  "LastName": "Smith",
  "DOB": "1/1/1990",
  "Street": "123 A St.",
  "City": "HCM",
  "State": "HCM",
  "Country": "Viet Nam",
  "PostalCode": "70000",
  "Phone": "123456789",
  "Email": "aaaaaaaaaaaaaaaaaaaaaaaaaaaaaaaaaaaaaaaaaaaaaaaaaaaaaaaaaaaaaaaaa@example.com",
  "Password": "Ab1@345678"
}
╚═══════════════════════════════════════════════════════╝
🧹 Clearing registration form...
✅ Form cleared
📝 Submitting registration form...
🌐 URL changed from http://localhost:4200/#/auth/register to http://localhost:4200/#/auth/register
Submission Result: {
  isSuccess: [33mfalse[39m,
  hasValidationErrors: [33mtrue[39m,
  hasServerError: [33mtrue[39m,
  validationErrors: {
    general: [ [32m'The email field must not be greater than 60 characters.'[39m ]
  },
  serverError: [32m'The email field must not be greater than 60 characters. '[39m,
  currentUrl: [32m'http://localhost:4200/#/auth/register'[39m,
  redirected: [33mfalse[39m
}
⚠️ Registration failed with validation errors: {
  general: [ [32m'The email field must not be greater than 60 characters.'[39m ]
}
✅ Test REG-BVA-26 completed in 3160ms
]]>
      </system-out>
    </testcase>
    <testcase name="Registration Feature - Data Driven Tests › Test Configuration Summary" classname="registration.spec.ts" time="1.423">
      <system-out>
        <![CDATA[
╔═══════════════════════════════════════════════════════╗
║              Test Execution Summary                   ║
╠═══════════════════════════════════════════════════════╣
║ Total test cases available: 48
║ Test cases executed: 43
║ Configuration source: TypeScript config files        ║
╚═══════════════════════════════════════════════════════╝

]]>
      </system-out>
    </testcase>
  </testsuite>
</testsuites>